TpTrace Verbose: 0 : 28348, 1, 2022/07/12, 21:51:47.689, 2861828466754, vstest.console.dll, Version: 17.2.0-release-20220408-11 Current process architecture: X64
TpTrace Information: 0 : 28348, 1, 2022/07/12, 21:51:47.708, 2861828655776, vstest.console.dll, FilePatternParser: The given file C:\Users\tej\workArea\Asp.Net\Student-API\UnitTests\bin\Debug\net6.0\fine-code-coverage\build-output\UnitTests.dll is a full path.
TpTrace Verbose: 0 : 28348, 1, 2022/07/12, 21:51:47.728, 2861828857487, vstest.console.dll, TestPluginCache.DiscoverTestExtensions: finding test extensions in assemblies ends with: RuntimeProvider.dll TPluginInfo: Microsoft.VisualStudio.TestPlatform.Common.ExtensionFramework.Utilities.TestRuntimePluginInformation TExtension: Microsoft.VisualStudio.TestPlatform.ObjectModel.Host.ITestRuntimeProvider
TpTrace Verbose: 0 : 28348, 1, 2022/07/12, 21:51:47.729, 2861828865371, vstest.console.dll, TestPluginCache.GetExtensionPaths: Filtered extension paths: 
TpTrace Verbose: 0 : 28348, 1, 2022/07/12, 21:51:47.729, 2861828867312, vstest.console.dll, TestPluginCache.GetExtensionPaths: Added default extension paths: C:\Program Files\dotnet\sdk\6.0.301\Extensions\DumpMinitool.exe
C:\Program Files\dotnet\sdk\6.0.301\Extensions\DumpMinitool.x86.exe
C:\Program Files\dotnet\sdk\6.0.301\Extensions\Microsoft.Diagnostics.NETCore.Client.dll
C:\Program Files\dotnet\sdk\6.0.301\Extensions\Microsoft.TestPlatform.Extensions.BlameDataCollector.dll
C:\Program Files\dotnet\sdk\6.0.301\Extensions\Microsoft.TestPlatform.Extensions.EventLogCollector.dll
C:\Program Files\dotnet\sdk\6.0.301\Extensions\Microsoft.TestPlatform.TestHostRuntimeProvider.dll
C:\Program Files\dotnet\sdk\6.0.301\Extensions\Microsoft.VisualStudio.TestPlatform.Extensions.Html.TestLogger.dll
C:\Program Files\dotnet\sdk\6.0.301\Extensions\Microsoft.VisualStudio.TestPlatform.Extensions.Trx.TestLogger.dll
TpTrace Verbose: 0 : 28348, 1, 2022/07/12, 21:51:47.729, 2861828868151, vstest.console.dll, TestPluginCache.GetExtensionPaths: Added unfilterableExtensionPaths: 
TpTrace Information: 0 : 28348, 1, 2022/07/12, 21:51:47.730, 2861828877789, vstest.console.dll, AssemblyResolver.ctor: Creating AssemblyResolver with searchDirectories C:\Program Files\dotnet\sdk\6.0.301\Extensions,C:\Program Files\dotnet\sdk\6.0.301
TpTrace Verbose: 0 : 28348, 1, 2022/07/12, 21:51:47.731, 2861828890051, vstest.console.dll, TestPluginCache.DiscoverTestExtensions: Discovering the extensions using extension path.
TpTrace Verbose: 0 : 28348, 1, 2022/07/12, 21:51:47.731, 2861828892609, vstest.console.dll, TestPluginCache.GetExtensionPaths: Filtered extension paths: 
TpTrace Verbose: 0 : 28348, 1, 2022/07/12, 21:51:47.732, 2861828893602, vstest.console.dll, TestPluginCache.GetExtensionPaths: Added default extension paths: C:\Program Files\dotnet\sdk\6.0.301\Extensions\DumpMinitool.exe
C:\Program Files\dotnet\sdk\6.0.301\Extensions\DumpMinitool.x86.exe
C:\Program Files\dotnet\sdk\6.0.301\Extensions\Microsoft.Diagnostics.NETCore.Client.dll
C:\Program Files\dotnet\sdk\6.0.301\Extensions\Microsoft.TestPlatform.Extensions.BlameDataCollector.dll
C:\Program Files\dotnet\sdk\6.0.301\Extensions\Microsoft.TestPlatform.Extensions.EventLogCollector.dll
C:\Program Files\dotnet\sdk\6.0.301\Extensions\Microsoft.TestPlatform.TestHostRuntimeProvider.dll
C:\Program Files\dotnet\sdk\6.0.301\Extensions\Microsoft.VisualStudio.TestPlatform.Extensions.Html.TestLogger.dll
C:\Program Files\dotnet\sdk\6.0.301\Extensions\Microsoft.VisualStudio.TestPlatform.Extensions.Trx.TestLogger.dll
TpTrace Verbose: 0 : 28348, 1, 2022/07/12, 21:51:47.732, 2861828894306, vstest.console.dll, TestPluginCache.GetExtensionPaths: Added unfilterableExtensionPaths: 
TpTrace Verbose: 0 : 28348, 1, 2022/07/12, 21:51:47.732, 2861828895533, vstest.console.dll, TestPluginCache.DiscoverTestExtensions: Discovering the extensions using allExtensionPaths: C:\Program Files\dotnet\sdk\6.0.301\Extensions\DumpMinitool.exe
C:\Program Files\dotnet\sdk\6.0.301\Extensions\DumpMinitool.x86.exe
C:\Program Files\dotnet\sdk\6.0.301\Extensions\Microsoft.Diagnostics.NETCore.Client.dll
C:\Program Files\dotnet\sdk\6.0.301\Extensions\Microsoft.TestPlatform.Extensions.BlameDataCollector.dll
C:\Program Files\dotnet\sdk\6.0.301\Extensions\Microsoft.TestPlatform.Extensions.EventLogCollector.dll
C:\Program Files\dotnet\sdk\6.0.301\Extensions\Microsoft.TestPlatform.TestHostRuntimeProvider.dll
C:\Program Files\dotnet\sdk\6.0.301\Extensions\Microsoft.VisualStudio.TestPlatform.Extensions.Html.TestLogger.dll
C:\Program Files\dotnet\sdk\6.0.301\Extensions\Microsoft.VisualStudio.TestPlatform.Extensions.Trx.TestLogger.dll
TpTrace Information: 0 : 28348, 1, 2022/07/12, 21:51:47.732, 2861828898624, vstest.console.dll, AssemblyResolver.AddSearchDirectories: Adding more searchDirectories C:\Program Files\dotnet\sdk\6.0.301\Extensions,C:\Program Files\dotnet\sdk\6.0.301
TpTrace Information: 0 : 28348, 1, 2022/07/12, 21:51:47.732, 2861828899696, vstest.console.dll, AssemblyResolver.AddSearchDirectories: Adding more searchDirectories C:\Program Files\dotnet\sdk\6.0.301\Extensions,C:\Program Files\dotnet\sdk\6.0.301
TpTrace Information: 0 : 28348, 1, 2022/07/12, 21:51:47.732, 2861828900478, vstest.console.dll, AssemblyResolver.AddSearchDirectories: Adding more searchDirectories C:\Program Files\dotnet\sdk\6.0.301\Extensions,C:\Program Files\dotnet\sdk\6.0.301
TpTrace Information: 0 : 28348, 1, 2022/07/12, 21:51:47.732, 2861828901304, vstest.console.dll, AssemblyResolver.AddSearchDirectories: Adding more searchDirectories C:\Program Files\dotnet\sdk\6.0.301\Extensions,C:\Program Files\dotnet\sdk\6.0.301
TpTrace Information: 0 : 28348, 1, 2022/07/12, 21:51:47.732, 2861828902102, vstest.console.dll, AssemblyResolver.AddSearchDirectories: Adding more searchDirectories C:\Program Files\dotnet\sdk\6.0.301\Extensions,C:\Program Files\dotnet\sdk\6.0.301
TpTrace Information: 0 : 28348, 1, 2022/07/12, 21:51:47.732, 2861828902816, vstest.console.dll, AssemblyResolver.AddSearchDirectories: Adding more searchDirectories C:\Program Files\dotnet\sdk\6.0.301\Extensions,C:\Program Files\dotnet\sdk\6.0.301
TpTrace Information: 0 : 28348, 1, 2022/07/12, 21:51:47.733, 2861828903486, vstest.console.dll, AssemblyResolver.AddSearchDirectories: Adding more searchDirectories C:\Program Files\dotnet\sdk\6.0.301\Extensions,C:\Program Files\dotnet\sdk\6.0.301
TpTrace Information: 0 : 28348, 1, 2022/07/12, 21:51:47.733, 2861828904266, vstest.console.dll, AssemblyResolver.AddSearchDirectories: Adding more searchDirectories C:\Program Files\dotnet\sdk\6.0.301\Extensions,C:\Program Files\dotnet\sdk\6.0.301
TpTrace Information: 0 : 28348, 1, 2022/07/12, 21:51:47.733, 2861828910226, vstest.console.dll, AssemblyResolver.OnResolve: DumpMinitool: Resolving assembly.
TpTrace Information: 0 : 28348, 1, 2022/07/12, 21:51:47.733, 2861828911487, vstest.console.dll, AssemblyResolver.OnResolve: DumpMinitool: Searching in: 'C:\Program Files\dotnet\sdk\6.0.301\Extensions'.
TpTrace Information: 0 : 28348, 1, 2022/07/12, 21:51:47.734, 2861828913572, vstest.console.dll, AssemblyResolver.OnResolve: DumpMinitool: Assembly path does not exist: 'C:\Program Files\dotnet\sdk\6.0.301\Extensions\DumpMinitool.dll', returning.
TpTrace Information: 0 : 28348, 1, 2022/07/12, 21:51:47.735, 2861828924264, vstest.console.dll, AssemblyResolver.OnResolve: DumpMinitool: Loading assembly 'C:\Program Files\dotnet\sdk\6.0.301\Extensions\DumpMinitool.exe'.
TpTrace Information: 0 : 28348, 1, 2022/07/12, 21:51:47.736, 2861828933113, vstest.console.dll, AssemblyResolver.OnResolve: Resolved assembly: DumpMinitool, from path: C:\Program Files\dotnet\sdk\6.0.301\Extensions\DumpMinitool.exe
TpTrace Verbose: 0 : 28348, 1, 2022/07/12, 21:51:47.743, 2861829012609, vstest.console.dll, MetadataReaderExtensionsHelper: Discovering extensions inside assembly 'DumpMinitool, Version=15.0.0.0, Culture=neutral, PublicKeyToken=b03f5f7f11d50a3a' file path 'C:\Program Files\dotnet\sdk\6.0.301\Extensions\DumpMinitool.exe'
TpTrace Information: 0 : 28348, 1, 2022/07/12, 21:51:47.752, 2861829100152, vstest.console.dll, AssemblyResolver.OnResolve: DumpMinitool.x86: Resolving assembly.
TpTrace Information: 0 : 28348, 1, 2022/07/12, 21:51:47.752, 2861829101716, vstest.console.dll, AssemblyResolver.OnResolve: DumpMinitool.x86: Searching in: 'C:\Program Files\dotnet\sdk\6.0.301\Extensions'.
TpTrace Information: 0 : 28348, 1, 2022/07/12, 21:51:47.752, 2861829102892, vstest.console.dll, AssemblyResolver.OnResolve: DumpMinitool.x86: Assembly path does not exist: 'C:\Program Files\dotnet\sdk\6.0.301\Extensions\DumpMinitool.x86.dll', returning.
TpTrace Information: 0 : 28348, 1, 2022/07/12, 21:51:47.754, 2861829113388, vstest.console.dll, AssemblyResolver.OnResolve: DumpMinitool.x86: Loading assembly 'C:\Program Files\dotnet\sdk\6.0.301\Extensions\DumpMinitool.x86.exe'.
TpTrace Information: 0 : 28348, 1, 2022/07/12, 21:51:47.754, 2861829120232, vstest.console.dll, AssemblyResolver.OnResolve: Resolved assembly: DumpMinitool.x86, from path: C:\Program Files\dotnet\sdk\6.0.301\Extensions\DumpMinitool.x86.exe
TpTrace Verbose: 0 : 28348, 1, 2022/07/12, 21:51:47.754, 2861829121408, vstest.console.dll, MetadataReaderExtensionsHelper: Discovering extensions inside assembly 'DumpMinitool.x86, Version=15.0.0.0, Culture=neutral, PublicKeyToken=b03f5f7f11d50a3a' file path 'C:\Program Files\dotnet\sdk\6.0.301\Extensions\DumpMinitool.x86.exe'
TpTrace Information: 0 : 28348, 1, 2022/07/12, 21:51:47.755, 2861829132451, vstest.console.dll, AssemblyResolver.OnResolve: Microsoft.Diagnostics.NETCore.Client: Resolving assembly.
TpTrace Information: 0 : 28348, 1, 2022/07/12, 21:51:47.756, 2861829133613, vstest.console.dll, AssemblyResolver.OnResolve: Microsoft.Diagnostics.NETCore.Client: Searching in: 'C:\Program Files\dotnet\sdk\6.0.301\Extensions'.
TpTrace Information: 0 : 28348, 1, 2022/07/12, 21:51:47.757, 2861829151090, vstest.console.dll, AssemblyResolver.OnResolve: Microsoft.Diagnostics.NETCore.Client: Loading assembly 'C:\Program Files\dotnet\sdk\6.0.301\Extensions\Microsoft.Diagnostics.NETCore.Client.dll'.
TpTrace Information: 0 : 28348, 1, 2022/07/12, 21:51:47.760, 2861829175417, vstest.console.dll, AssemblyResolver.OnResolve: Resolved assembly: Microsoft.Diagnostics.NETCore.Client, from path: C:\Program Files\dotnet\sdk\6.0.301\Extensions\Microsoft.Diagnostics.NETCore.Client.dll
TpTrace Verbose: 0 : 28348, 1, 2022/07/12, 21:51:47.760, 2861829177631, vstest.console.dll, MetadataReaderExtensionsHelper: Discovering extensions inside assembly 'Microsoft.Diagnostics.NETCore.Client, Version=0.2.5.801, Culture=neutral, PublicKeyToken=31bf3856ad364e35' file path 'C:\Program Files\dotnet\sdk\6.0.301\Extensions\Microsoft.Diagnostics.NETCore.Client.dll'
TpTrace Information: 0 : 28348, 1, 2022/07/12, 21:51:47.768, 2861829257864, vstest.console.dll, AssemblyResolver.OnResolve: Microsoft.Bcl.AsyncInterfaces: Resolving assembly.
TpTrace Information: 0 : 28348, 1, 2022/07/12, 21:51:47.768, 2861829258953, vstest.console.dll, AssemblyResolver.OnResolve: Microsoft.Bcl.AsyncInterfaces: Searching in: 'C:\Program Files\dotnet\sdk\6.0.301\Extensions'.
TpTrace Information: 0 : 28348, 1, 2022/07/12, 21:51:47.768, 2861829260105, vstest.console.dll, AssemblyResolver.OnResolve: Microsoft.Bcl.AsyncInterfaces: Assembly path does not exist: 'C:\Program Files\dotnet\sdk\6.0.301\Extensions\Microsoft.Bcl.AsyncInterfaces.dll', returning.
TpTrace Information: 0 : 28348, 1, 2022/07/12, 21:51:47.768, 2861829261089, vstest.console.dll, AssemblyResolver.OnResolve: Microsoft.Bcl.AsyncInterfaces: Assembly path does not exist: 'C:\Program Files\dotnet\sdk\6.0.301\Extensions\Microsoft.Bcl.AsyncInterfaces.exe', returning.
TpTrace Information: 0 : 28348, 1, 2022/07/12, 21:51:47.768, 2861829261527, vstest.console.dll, AssemblyResolver.OnResolve: Microsoft.Bcl.AsyncInterfaces: Searching in: 'C:\Program Files\dotnet\sdk\6.0.301'.
TpTrace Information: 0 : 28348, 1, 2022/07/12, 21:51:47.768, 2861829262342, vstest.console.dll, AssemblyResolver.OnResolve: Microsoft.Bcl.AsyncInterfaces: Assembly path does not exist: 'C:\Program Files\dotnet\sdk\6.0.301\Microsoft.Bcl.AsyncInterfaces.dll', returning.
TpTrace Information: 0 : 28348, 1, 2022/07/12, 21:51:47.769, 2861829263144, vstest.console.dll, AssemblyResolver.OnResolve: Microsoft.Bcl.AsyncInterfaces: Assembly path does not exist: 'C:\Program Files\dotnet\sdk\6.0.301\Microsoft.Bcl.AsyncInterfaces.exe', returning.
TpTrace Information: 0 : 28348, 1, 2022/07/12, 21:51:47.769, 2861829263675, vstest.console.dll, AssemblyResolver.OnResolve: Microsoft.Bcl.AsyncInterfaces: Failed to load assembly.
TpTrace Verbose: 0 : 28348, 1, 2022/07/12, 21:51:47.769, 2861829264249, vstest.console.dll, CurrentDomainAssemblyResolve: Resolving assembly 'Microsoft.Bcl.AsyncInterfaces'.
TpTrace Information: 0 : 28348, 1, 2022/07/12, 21:51:47.769, 2861829264979, vstest.console.dll, AssemblyResolver.OnResolve: Microsoft.Bcl.AsyncInterfaces: Resolving assembly.
TpTrace Information: 0 : 28348, 1, 2022/07/12, 21:51:47.769, 2861829265506, vstest.console.dll, AssemblyResolver.OnResolve: Microsoft.Bcl.AsyncInterfaces: Resolved from cache.
TpTrace Verbose: 0 : 28348, 1, 2022/07/12, 21:51:47.769, 2861829265930, vstest.console.dll, CurrentDomainAssemblyResolve: Resolving assembly 'Microsoft.Bcl.AsyncInterfaces'.
TpTrace Verbose: 0 : 28348, 1, 2022/07/12, 21:51:47.769, 2861829266409, vstest.console.dll, CurrentDomainAssemblyResolve: Failed to resolve assembly 'Microsoft.Bcl.AsyncInterfaces'.
TpTrace Verbose: 0 : 28348, 1, 2022/07/12, 21:51:47.770, 2861829281851, vstest.console.dll, CurrentDomainAssemblyResolve: Failed to resolve assembly 'Microsoft.Bcl.AsyncInterfaces'.
TpTrace Warning: 0 : 28348, 1, 2022/07/12, 21:51:47.786, 2861829441573, vstest.console.dll, TestPluginDiscoverer: Failed to get types from assembly 'Microsoft.Diagnostics.NETCore.Client, Version=0.2.5.801, Culture=neutral, PublicKeyToken=31bf3856ad364e35'. Error: System.Reflection.ReflectionTypeLoadException: Unable to load one or more of the requested types.
Could not load file or assembly 'Microsoft.Bcl.AsyncInterfaces, Version=1.0.0.0, Culture=neutral, PublicKeyToken=cc7b13ffcd2ddd51'. The system cannot find the file specified.
   at System.Reflection.RuntimeModule.GetTypes(RuntimeModule module)
   at System.Reflection.Assembly.GetTypes()
   at Microsoft.VisualStudio.TestPlatform.Common.ExtensionFramework.TestPluginDiscoverer.GetTestExtensionsFromAssembly[TPluginInfo,TExtension](Assembly assembly, Dictionary`2 pluginInfos, String filePath)
System.IO.FileNotFoundException: Could not load file or assembly 'Microsoft.Bcl.AsyncInterfaces, Version=1.0.0.0, Culture=neutral, PublicKeyToken=cc7b13ffcd2ddd51'. The system cannot find the file specified.
File name: 'Microsoft.Bcl.AsyncInterfaces, Version=1.0.0.0, Culture=neutral, PublicKeyToken=cc7b13ffcd2ddd51'
 ---> System.IO.FileNotFoundException: Could not load file or assembly 'Microsoft.Bcl.AsyncInterfaces, Culture=neutral, PublicKeyToken=null'. The system cannot find the file specified.
File name: 'Microsoft.Bcl.AsyncInterfaces, Culture=neutral, PublicKeyToken=null'
   at System.Reflection.RuntimeAssembly.InternalLoad(ObjectHandleOnStack assemblyName, ObjectHandleOnStack requestingAssembly, StackCrawlMarkHandle stackMark, Boolean throwOnFileNotFound, ObjectHandleOnStack assemblyLoadContext, ObjectHandleOnStack retAssembly)
   at System.Reflection.RuntimeAssembly.InternalLoad(AssemblyName assemblyName, RuntimeAssembly requestingAssembly, StackCrawlMark& stackMark, Boolean throwOnFileNotFound, AssemblyLoadContext assemblyLoadContext)
   at System.Reflection.Assembly.Load(AssemblyName assemblyRef)
   at Microsoft.VisualStudio.TestPlatform.Common.ExtensionFramework.TestPluginCache.CurrentDomainAssemblyResolve(Object sender, AssemblyResolveEventArgs args)
   at Microsoft.VisualStudio.TestPlatform.PlatformAbstractions.PlatformAssemblyResolver.AssemblyResolverEvent(Object sender, Object eventArgs)
   at System.Runtime.Loader.AssemblyLoadContext.GetFirstResolvedAssemblyFromResolvingEvent(AssemblyName assemblyName)
   at System.Runtime.Loader.AssemblyLoadContext.ResolveUsingEvent(AssemblyName assemblyName)
   at System.Runtime.Loader.AssemblyLoadContext.ResolveUsingResolvingEvent(IntPtr gchManagedAssemblyLoadContext, AssemblyName assemblyName)
TpTrace Warning: 0 : 28348, 1, 2022/07/12, 21:51:47.787, 2861829445387, vstest.console.dll, LoaderExceptions: System.IO.FileNotFoundException: Could not load file or assembly 'Microsoft.Bcl.AsyncInterfaces, Version=1.0.0.0, Culture=neutral, PublicKeyToken=cc7b13ffcd2ddd51'. The system cannot find the file specified.
File name: 'Microsoft.Bcl.AsyncInterfaces, Version=1.0.0.0, Culture=neutral, PublicKeyToken=cc7b13ffcd2ddd51'
 ---> System.IO.FileNotFoundException: Could not load file or assembly 'Microsoft.Bcl.AsyncInterfaces, Culture=neutral, PublicKeyToken=null'. The system cannot find the file specified.
File name: 'Microsoft.Bcl.AsyncInterfaces, Culture=neutral, PublicKeyToken=null'
   at System.Reflection.RuntimeAssembly.InternalLoad(ObjectHandleOnStack assemblyName, ObjectHandleOnStack requestingAssembly, StackCrawlMarkHandle stackMark, Boolean throwOnFileNotFound, ObjectHandleOnStack assemblyLoadContext, ObjectHandleOnStack retAssembly)
   at System.Reflection.RuntimeAssembly.InternalLoad(AssemblyName assemblyName, RuntimeAssembly requestingAssembly, StackCrawlMark& stackMark, Boolean throwOnFileNotFound, AssemblyLoadContext assemblyLoadContext)
   at System.Reflection.Assembly.Load(AssemblyName assemblyRef)
   at Microsoft.VisualStudio.TestPlatform.Common.ExtensionFramework.TestPluginCache.CurrentDomainAssemblyResolve(Object sender, AssemblyResolveEventArgs args)
   at Microsoft.VisualStudio.TestPlatform.PlatformAbstractions.PlatformAssemblyResolver.AssemblyResolverEvent(Object sender, Object eventArgs)
   at System.Runtime.Loader.AssemblyLoadContext.GetFirstResolvedAssemblyFromResolvingEvent(AssemblyName assemblyName)
   at System.Runtime.Loader.AssemblyLoadContext.ResolveUsingEvent(AssemblyName assemblyName)
   at System.Runtime.Loader.AssemblyLoadContext.ResolveUsingResolvingEvent(IntPtr gchManagedAssemblyLoadContext, AssemblyName assemblyName)
TpTrace Information: 0 : 28348, 1, 2022/07/12, 21:51:47.787, 2861829448120, vstest.console.dll, AssemblyResolver.OnResolve: Microsoft.TestPlatform.Extensions.BlameDataCollector: Resolving assembly.
TpTrace Information: 0 : 28348, 1, 2022/07/12, 21:51:47.787, 2861829448966, vstest.console.dll, AssemblyResolver.OnResolve: Microsoft.TestPlatform.Extensions.BlameDataCollector: Searching in: 'C:\Program Files\dotnet\sdk\6.0.301\Extensions'.
TpTrace Information: 0 : 28348, 1, 2022/07/12, 21:51:47.789, 2861829463838, vstest.console.dll, AssemblyResolver.OnResolve: Microsoft.TestPlatform.Extensions.BlameDataCollector: Loading assembly 'C:\Program Files\dotnet\sdk\6.0.301\Extensions\Microsoft.TestPlatform.Extensions.BlameDataCollector.dll'.
TpTrace Information: 0 : 28348, 1, 2022/07/12, 21:51:47.790, 2861829480679, vstest.console.dll, AssemblyResolver.OnResolve: Resolved assembly: Microsoft.TestPlatform.Extensions.BlameDataCollector, from path: C:\Program Files\dotnet\sdk\6.0.301\Extensions\Microsoft.TestPlatform.Extensions.BlameDataCollector.dll
TpTrace Verbose: 0 : 28348, 1, 2022/07/12, 21:51:47.790, 2861829482373, vstest.console.dll, MetadataReaderExtensionsHelper: Discovering extensions inside assembly 'Microsoft.TestPlatform.Extensions.BlameDataCollector, Version=15.0.0.0, Culture=neutral, PublicKeyToken=b03f5f7f11d50a3a' file path 'C:\Program Files\dotnet\sdk\6.0.301\Extensions\Microsoft.TestPlatform.Extensions.BlameDataCollector.dll'
TpTrace Information: 0 : 28348, 1, 2022/07/12, 21:51:47.793, 2861829508198, vstest.console.dll, AssemblyResolver.OnResolve: Microsoft.TestPlatform.Extensions.EventLogCollector: Resolving assembly.
TpTrace Information: 0 : 28348, 1, 2022/07/12, 21:51:47.793, 2861829509676, vstest.console.dll, AssemblyResolver.OnResolve: Microsoft.TestPlatform.Extensions.EventLogCollector: Searching in: 'C:\Program Files\dotnet\sdk\6.0.301\Extensions'.
TpTrace Information: 0 : 28348, 1, 2022/07/12, 21:51:47.794, 2861829520888, vstest.console.dll, AssemblyResolver.OnResolve: Microsoft.TestPlatform.Extensions.EventLogCollector: Loading assembly 'C:\Program Files\dotnet\sdk\6.0.301\Extensions\Microsoft.TestPlatform.Extensions.EventLogCollector.dll'.
TpTrace Information: 0 : 28348, 1, 2022/07/12, 21:51:47.795, 2861829528655, vstest.console.dll, AssemblyResolver.OnResolve: Resolved assembly: Microsoft.TestPlatform.Extensions.EventLogCollector, from path: C:\Program Files\dotnet\sdk\6.0.301\Extensions\Microsoft.TestPlatform.Extensions.EventLogCollector.dll
TpTrace Verbose: 0 : 28348, 1, 2022/07/12, 21:51:47.795, 2861829529885, vstest.console.dll, MetadataReaderExtensionsHelper: Discovering extensions inside assembly 'Microsoft.TestPlatform.Extensions.EventLogCollector, Version=15.0.0.0, Culture=neutral, PublicKeyToken=b03f5f7f11d50a3a' file path 'C:\Program Files\dotnet\sdk\6.0.301\Extensions\Microsoft.TestPlatform.Extensions.EventLogCollector.dll'
TpTrace Information: 0 : 28348, 1, 2022/07/12, 21:51:47.797, 2861829544207, vstest.console.dll, AssemblyResolver.OnResolve: Microsoft.TestPlatform.TestHostRuntimeProvider: Resolving assembly.
TpTrace Information: 0 : 28348, 1, 2022/07/12, 21:51:47.797, 2861829545121, vstest.console.dll, AssemblyResolver.OnResolve: Microsoft.TestPlatform.TestHostRuntimeProvider: Searching in: 'C:\Program Files\dotnet\sdk\6.0.301\Extensions'.
TpTrace Information: 0 : 28348, 1, 2022/07/12, 21:51:47.798, 2861829555341, vstest.console.dll, AssemblyResolver.OnResolve: Microsoft.TestPlatform.TestHostRuntimeProvider: Loading assembly 'C:\Program Files\dotnet\sdk\6.0.301\Extensions\Microsoft.TestPlatform.TestHostRuntimeProvider.dll'.
TpTrace Information: 0 : 28348, 1, 2022/07/12, 21:51:47.799, 2861829569326, vstest.console.dll, AssemblyResolver.OnResolve: Resolved assembly: Microsoft.TestPlatform.TestHostRuntimeProvider, from path: C:\Program Files\dotnet\sdk\6.0.301\Extensions\Microsoft.TestPlatform.TestHostRuntimeProvider.dll
TpTrace Verbose: 0 : 28348, 1, 2022/07/12, 21:51:47.799, 2861829570333, vstest.console.dll, MetadataReaderExtensionsHelper: Discovering extensions inside assembly 'Microsoft.TestPlatform.TestHostRuntimeProvider, Version=15.0.0.0, Culture=neutral, PublicKeyToken=b03f5f7f11d50a3a' file path 'C:\Program Files\dotnet\sdk\6.0.301\Extensions\Microsoft.TestPlatform.TestHostRuntimeProvider.dll'
TpTrace Information: 0 : 28348, 1, 2022/07/12, 21:51:47.801, 2861829591801, vstest.console.dll, GetTestExtensionFromType: Register extension with identifier data 'HostProvider://DefaultTestHost' and type 'Microsoft.VisualStudio.TestPlatform.CrossPlatEngine.Hosting.DefaultTestHostManager, Microsoft.TestPlatform.TestHostRuntimeProvider, Version=15.0.0.0, Culture=neutral, PublicKeyToken=b03f5f7f11d50a3a' inside file 'C:\Program Files\dotnet\sdk\6.0.301\Extensions\Microsoft.TestPlatform.TestHostRuntimeProvider.dll'
TpTrace Information: 0 : 28348, 1, 2022/07/12, 21:51:47.801, 2861829592902, vstest.console.dll, GetTestExtensionFromType: Register extension with identifier data 'HostProvider://DotnetTestHost' and type 'Microsoft.VisualStudio.TestPlatform.CrossPlatEngine.Hosting.DotnetTestHostManager, Microsoft.TestPlatform.TestHostRuntimeProvider, Version=15.0.0.0, Culture=neutral, PublicKeyToken=b03f5f7f11d50a3a' inside file 'C:\Program Files\dotnet\sdk\6.0.301\Extensions\Microsoft.TestPlatform.TestHostRuntimeProvider.dll'
TpTrace Information: 0 : 28348, 1, 2022/07/12, 21:51:47.802, 2861829593828, vstest.console.dll, AssemblyResolver.OnResolve: Microsoft.VisualStudio.TestPlatform.Extensions.Html.TestLogger: Resolving assembly.
TpTrace Information: 0 : 28348, 1, 2022/07/12, 21:51:47.802, 2861829594392, vstest.console.dll, AssemblyResolver.OnResolve: Microsoft.VisualStudio.TestPlatform.Extensions.Html.TestLogger: Searching in: 'C:\Program Files\dotnet\sdk\6.0.301\Extensions'.
TpTrace Information: 0 : 28348, 1, 2022/07/12, 21:51:47.803, 2861829603993, vstest.console.dll, AssemblyResolver.OnResolve: Microsoft.VisualStudio.TestPlatform.Extensions.Html.TestLogger: Loading assembly 'C:\Program Files\dotnet\sdk\6.0.301\Extensions\Microsoft.VisualStudio.TestPlatform.Extensions.Html.TestLogger.dll'.
TpTrace Information: 0 : 28348, 1, 2022/07/12, 21:51:47.804, 2861829615624, vstest.console.dll, AssemblyResolver.OnResolve: Resolved assembly: Microsoft.VisualStudio.TestPlatform.Extensions.Html.TestLogger, from path: C:\Program Files\dotnet\sdk\6.0.301\Extensions\Microsoft.VisualStudio.TestPlatform.Extensions.Html.TestLogger.dll
TpTrace Verbose: 0 : 28348, 1, 2022/07/12, 21:51:47.804, 2861829616634, vstest.console.dll, MetadataReaderExtensionsHelper: Discovering extensions inside assembly 'Microsoft.VisualStudio.TestPlatform.Extensions.Html.TestLogger, Version=15.0.0.0, Culture=neutral, PublicKeyToken=b03f5f7f11d50a3a' file path 'C:\Program Files\dotnet\sdk\6.0.301\Extensions\Microsoft.VisualStudio.TestPlatform.Extensions.Html.TestLogger.dll'
TpTrace Information: 0 : 28348, 1, 2022/07/12, 21:51:47.805, 2861829625667, vstest.console.dll, AssemblyResolver.OnResolve: Microsoft.VisualStudio.TestPlatform.Extensions.Trx.TestLogger: Resolving assembly.
TpTrace Information: 0 : 28348, 1, 2022/07/12, 21:51:47.805, 2861829626421, vstest.console.dll, AssemblyResolver.OnResolve: Microsoft.VisualStudio.TestPlatform.Extensions.Trx.TestLogger: Searching in: 'C:\Program Files\dotnet\sdk\6.0.301\Extensions'.
TpTrace Information: 0 : 28348, 1, 2022/07/12, 21:51:47.806, 2861829642598, vstest.console.dll, AssemblyResolver.OnResolve: Microsoft.VisualStudio.TestPlatform.Extensions.Trx.TestLogger: Loading assembly 'C:\Program Files\dotnet\sdk\6.0.301\Extensions\Microsoft.VisualStudio.TestPlatform.Extensions.Trx.TestLogger.dll'.
TpTrace Information: 0 : 28348, 1, 2022/07/12, 21:51:47.808, 2861829661032, vstest.console.dll, AssemblyResolver.OnResolve: Resolved assembly: Microsoft.VisualStudio.TestPlatform.Extensions.Trx.TestLogger, from path: C:\Program Files\dotnet\sdk\6.0.301\Extensions\Microsoft.VisualStudio.TestPlatform.Extensions.Trx.TestLogger.dll
TpTrace Verbose: 0 : 28348, 1, 2022/07/12, 21:51:47.808, 2861829662922, vstest.console.dll, MetadataReaderExtensionsHelper: Discovering extensions inside assembly 'Microsoft.VisualStudio.TestPlatform.Extensions.Trx.TestLogger, Version=15.0.0.0, Culture=neutral, PublicKeyToken=b03f5f7f11d50a3a' file path 'C:\Program Files\dotnet\sdk\6.0.301\Extensions\Microsoft.VisualStudio.TestPlatform.Extensions.Trx.TestLogger.dll'
TpTrace Verbose: 0 : 28348, 1, 2022/07/12, 21:51:47.810, 2861829682165, vstest.console.dll, TestPluginCache: Discovered the extensions using extension path ''.
TpTrace Verbose: 0 : 28348, 1, 2022/07/12, 21:51:47.811, 2861829683295, vstest.console.dll, TestPluginCache: Discoverers are ''.
TpTrace Verbose: 0 : 28348, 1, 2022/07/12, 21:51:47.811, 2861829683711, vstest.console.dll, TestPluginCache: Executors are ''.
TpTrace Verbose: 0 : 28348, 1, 2022/07/12, 21:51:47.811, 2861829684173, vstest.console.dll, TestPluginCache: Executors2 are ''.
TpTrace Verbose: 0 : 28348, 1, 2022/07/12, 21:51:47.811, 2861829684530, vstest.console.dll, TestPluginCache: Setting providers are ''.
TpTrace Verbose: 0 : 28348, 1, 2022/07/12, 21:51:47.811, 2861829684882, vstest.console.dll, TestPluginCache: Loggers are ''.
TpTrace Verbose: 0 : 28348, 1, 2022/07/12, 21:51:47.811, 2861829686781, vstest.console.dll, TestPluginCache: TestHosts are 'HostProvider://DefaultTestHost,HostProvider://DotnetTestHost'.
TpTrace Verbose: 0 : 28348, 1, 2022/07/12, 21:51:47.811, 2861829687305, vstest.console.dll, TestPluginCache: DataCollectors are ''.
TpTrace Information: 0 : 28348, 1, 2022/07/12, 21:51:47.840, 2861829973812, vstest.console.dll, RunTestsArgumentProcessor:Execute: Test run is starting.
TpTrace Verbose: 0 : 28348, 1, 2022/07/12, 21:51:47.840, 2861829975849, vstest.console.dll, RunTestsArgumentProcessor:Execute: Queuing Test run.
TpTrace Information: 0 : 28348, 1, 2022/07/12, 21:51:47.840, 2861829980801, vstest.console.dll, TestRequestManager.RunTests: run tests started.
TpTrace Information: 0 : 28348, 1, 2022/07/12, 21:51:47.844, 2861830021687, vstest.console.dll, AssemblyMetadataProvider.GetFrameWork: Determined framework:'.NETCoreApp,Version=v6.0' for source: 'C:\Users\tej\workArea\Asp.Net\Student-API\UnitTests\bin\Debug\net6.0\fine-code-coverage\build-output\UnitTests.dll'
TpTrace Information: 0 : 28348, 1, 2022/07/12, 21:51:47.845, 2861830025099, vstest.console.dll, Determined framework for all sources: .NETCoreApp,Version=v6.0
TpTrace Verbose: 0 : 28348, 1, 2022/07/12, 21:51:47.846, 2861830034346, vstest.console.dll, TestRequestManager.UpdateRunSettingsIfRequired: Default architecture: X64 IsDefaultTargetArchitecture: True, Current process architecture: X64 OperatingSystem: Windows.
TpTrace Information: 0 : 28348, 1, 2022/07/12, 21:51:47.846, 2861830041284, vstest.console.dll, AssemblyMetadataProvider.GetArchitecture: Determined architecture:AnyCPU info for assembly: C:\Users\tej\workArea\Asp.Net\Student-API\UnitTests\bin\Debug\net6.0\fine-code-coverage\build-output\UnitTests.dll
TpTrace Information: 0 : 28348, 1, 2022/07/12, 21:51:47.846, 2861830042549, vstest.console.dll, Determined platform for source 'C:\Users\tej\workArea\Asp.Net\Student-API\UnitTests\bin\Debug\net6.0\fine-code-coverage\build-output\UnitTests.dll' is 'AnyCPU'
TpTrace Information: 0 : 28348, 1, 2022/07/12, 21:51:47.851, 2861830090249, vstest.console.dll, Determined platform for all sources: X64
TpTrace Information: 0 : 28348, 1, 2022/07/12, 21:51:47.851, 2861830092224, vstest.console.dll, Infered platform 'X64'.
TpTrace Information: 0 : 28348, 1, 2022/07/12, 21:51:47.852, 2861830093284, vstest.console.dll, Platform update to 'X64' required.
TpTrace Information: 0 : 28348, 1, 2022/07/12, 21:51:47.858, 2861830159935, vstest.console.dll, Compatible sources list: 
TpTrace Information: 0 : 28348, 1, 2022/07/12, 21:51:47.858, 2861830162260, vstest.console.dll, C:\Users\tej\workArea\Asp.Net\Student-API\UnitTests\bin\Debug\net6.0\fine-code-coverage\build-output\UnitTests.dll
TpTrace Information: 0 : 28348, 1, 2022/07/12, 21:51:47.872, 2861830293386, vstest.console.dll, InferRunSettingsHelper.IsTestSettingsEnabled: Unable to navigate to RunSettings/MSTest. Current node: RunSettings
TpTrace Information: 0 : 28348, 1, 2022/07/12, 21:51:47.873, 2861830311580, vstest.console.dll, AssemblyResolver.OnResolve: Microsoft.VisualStudio.TestPlatform.Fakes: Resolving assembly.
TpTrace Information: 0 : 28348, 1, 2022/07/12, 21:51:47.874, 2861830313537, vstest.console.dll, AssemblyResolver.OnResolve: Microsoft.VisualStudio.TestPlatform.Fakes: Searching in: 'C:\Program Files\dotnet\sdk\6.0.301\Extensions'.
TpTrace Information: 0 : 28348, 1, 2022/07/12, 21:51:47.874, 2861830316434, vstest.console.dll, AssemblyResolver.OnResolve: Microsoft.VisualStudio.TestPlatform.Fakes: Assembly path does not exist: 'C:\Program Files\dotnet\sdk\6.0.301\Extensions\Microsoft.VisualStudio.TestPlatform.Fakes.dll', returning.
TpTrace Information: 0 : 28348, 1, 2022/07/12, 21:51:47.874, 2861830318758, vstest.console.dll, AssemblyResolver.OnResolve: Microsoft.VisualStudio.TestPlatform.Fakes: Assembly path does not exist: 'C:\Program Files\dotnet\sdk\6.0.301\Extensions\Microsoft.VisualStudio.TestPlatform.Fakes.exe', returning.
TpTrace Information: 0 : 28348, 1, 2022/07/12, 21:51:47.874, 2861830320510, vstest.console.dll, AssemblyResolver.OnResolve: Microsoft.VisualStudio.TestPlatform.Fakes: Searching in: 'C:\Program Files\dotnet\sdk\6.0.301'.
TpTrace Information: 0 : 28348, 1, 2022/07/12, 21:51:47.874, 2861830322519, vstest.console.dll, AssemblyResolver.OnResolve: Microsoft.VisualStudio.TestPlatform.Fakes: Assembly path does not exist: 'C:\Program Files\dotnet\sdk\6.0.301\Microsoft.VisualStudio.TestPlatform.Fakes.dll', returning.
TpTrace Information: 0 : 28348, 1, 2022/07/12, 21:51:47.875, 2861830325250, vstest.console.dll, AssemblyResolver.OnResolve: Microsoft.VisualStudio.TestPlatform.Fakes: Assembly path does not exist: 'C:\Program Files\dotnet\sdk\6.0.301\Microsoft.VisualStudio.TestPlatform.Fakes.exe', returning.
TpTrace Information: 0 : 28348, 1, 2022/07/12, 21:51:47.875, 2861830326940, vstest.console.dll, AssemblyResolver.OnResolve: Microsoft.VisualStudio.TestPlatform.Fakes: Failed to load assembly.
TpTrace Information: 0 : 28348, 1, 2022/07/12, 21:51:47.876, 2861830336390, vstest.console.dll, Failed to load assembly Microsoft.VisualStudio.TestPlatform.Fakes, Version=17.0.0.0, Culture=neutral. Reason:System.IO.FileNotFoundException: Could not load file or assembly 'Microsoft.VisualStudio.TestPlatform.Fakes, Version=17.0.0.0, Culture=neutral, PublicKeyToken=null'. The system cannot find the file specified.
File name: 'Microsoft.VisualStudio.TestPlatform.Fakes, Version=17.0.0.0, Culture=neutral, PublicKeyToken=null'
   at System.Reflection.RuntimeAssembly.InternalLoad(ObjectHandleOnStack assemblyName, ObjectHandleOnStack requestingAssembly, StackCrawlMarkHandle stackMark, Boolean throwOnFileNotFound, ObjectHandleOnStack assemblyLoadContext, ObjectHandleOnStack retAssembly)
   at System.Reflection.RuntimeAssembly.InternalLoad(AssemblyName assemblyName, RuntimeAssembly requestingAssembly, StackCrawlMark& stackMark, Boolean throwOnFileNotFound, AssemblyLoadContext assemblyLoadContext)
   at System.Reflection.Assembly.Load(AssemblyName assemblyRef)
   at Microsoft.VisualStudio.TestPlatform.Common.Utilities.FakesUtilities.LoadTestPlatformAssembly()
TpTrace Verbose: 0 : 28348, 1, 2022/07/12, 21:51:47.889, 2861830463638, vstest.console.dll, TestPluginCache.DiscoverTestExtensions: finding test extensions in assemblies ends with: TestLogger.dll TPluginInfo: Microsoft.VisualStudio.TestPlatform.Common.ExtensionFramework.Utilities.TestLoggerPluginInformation TExtension: Microsoft.VisualStudio.TestPlatform.ObjectModel.Client.ITestLogger
TpTrace Verbose: 0 : 28348, 1, 2022/07/12, 21:51:47.889, 2861830466588, vstest.console.dll, TestPluginCache.GetExtensionPaths: Filtered extension paths: 
TpTrace Verbose: 0 : 28348, 1, 2022/07/12, 21:51:47.889, 2861830467931, vstest.console.dll, TestPluginCache.GetExtensionPaths: Added default extension paths: C:\Program Files\dotnet\sdk\6.0.301\Extensions\DumpMinitool.exe
C:\Program Files\dotnet\sdk\6.0.301\Extensions\DumpMinitool.x86.exe
C:\Program Files\dotnet\sdk\6.0.301\Extensions\Microsoft.Diagnostics.NETCore.Client.dll
C:\Program Files\dotnet\sdk\6.0.301\Extensions\Microsoft.TestPlatform.Extensions.BlameDataCollector.dll
C:\Program Files\dotnet\sdk\6.0.301\Extensions\Microsoft.TestPlatform.Extensions.EventLogCollector.dll
C:\Program Files\dotnet\sdk\6.0.301\Extensions\Microsoft.TestPlatform.TestHostRuntimeProvider.dll
C:\Program Files\dotnet\sdk\6.0.301\Extensions\Microsoft.VisualStudio.TestPlatform.Extensions.Html.TestLogger.dll
C:\Program Files\dotnet\sdk\6.0.301\Extensions\Microsoft.VisualStudio.TestPlatform.Extensions.Trx.TestLogger.dll
TpTrace Verbose: 0 : 28348, 1, 2022/07/12, 21:51:47.889, 2861830470047, vstest.console.dll, TestPluginCache.GetExtensionPaths: Added unfilterableExtensionPaths: 
TpTrace Information: 0 : 28348, 1, 2022/07/12, 21:51:47.890, 2861830475290, vstest.console.dll, AssemblyResolver.AddSearchDirectories: Adding more searchDirectories C:\Program Files\dotnet\sdk\6.0.301\Extensions,C:\Program Files\dotnet\sdk\6.0.301
TpTrace Verbose: 0 : 28348, 1, 2022/07/12, 21:51:47.890, 2861830477938, vstest.console.dll, TestPluginCache.DiscoverTestExtensions: Discovering the extensions using extension path.
TpTrace Verbose: 0 : 28348, 1, 2022/07/12, 21:51:47.890, 2861830479651, vstest.console.dll, TestPluginCache.GetExtensionPaths: Filtered extension paths: 
TpTrace Verbose: 0 : 28348, 1, 2022/07/12, 21:51:47.890, 2861830480606, vstest.console.dll, TestPluginCache.GetExtensionPaths: Added default extension paths: C:\Program Files\dotnet\sdk\6.0.301\Extensions\DumpMinitool.exe
C:\Program Files\dotnet\sdk\6.0.301\Extensions\DumpMinitool.x86.exe
C:\Program Files\dotnet\sdk\6.0.301\Extensions\Microsoft.Diagnostics.NETCore.Client.dll
C:\Program Files\dotnet\sdk\6.0.301\Extensions\Microsoft.TestPlatform.Extensions.BlameDataCollector.dll
C:\Program Files\dotnet\sdk\6.0.301\Extensions\Microsoft.TestPlatform.Extensions.EventLogCollector.dll
C:\Program Files\dotnet\sdk\6.0.301\Extensions\Microsoft.TestPlatform.TestHostRuntimeProvider.dll
C:\Program Files\dotnet\sdk\6.0.301\Extensions\Microsoft.VisualStudio.TestPlatform.Extensions.Html.TestLogger.dll
C:\Program Files\dotnet\sdk\6.0.301\Extensions\Microsoft.VisualStudio.TestPlatform.Extensions.Trx.TestLogger.dll
TpTrace Verbose: 0 : 28348, 1, 2022/07/12, 21:51:47.891, 2861830483705, vstest.console.dll, TestPluginCache.GetExtensionPaths: Added unfilterableExtensionPaths: 
TpTrace Verbose: 0 : 28348, 1, 2022/07/12, 21:51:47.891, 2861830486087, vstest.console.dll, TestPluginCache.DiscoverTestExtensions: Discovering the extensions using allExtensionPaths: C:\Program Files\dotnet\sdk\6.0.301\Extensions\DumpMinitool.exe
C:\Program Files\dotnet\sdk\6.0.301\Extensions\DumpMinitool.x86.exe
C:\Program Files\dotnet\sdk\6.0.301\Extensions\Microsoft.Diagnostics.NETCore.Client.dll
C:\Program Files\dotnet\sdk\6.0.301\Extensions\Microsoft.TestPlatform.Extensions.BlameDataCollector.dll
C:\Program Files\dotnet\sdk\6.0.301\Extensions\Microsoft.TestPlatform.Extensions.EventLogCollector.dll
C:\Program Files\dotnet\sdk\6.0.301\Extensions\Microsoft.TestPlatform.TestHostRuntimeProvider.dll
C:\Program Files\dotnet\sdk\6.0.301\Extensions\Microsoft.VisualStudio.TestPlatform.Extensions.Html.TestLogger.dll
C:\Program Files\dotnet\sdk\6.0.301\Extensions\Microsoft.VisualStudio.TestPlatform.Extensions.Trx.TestLogger.dll
TpTrace Information: 0 : 28348, 1, 2022/07/12, 21:51:47.891, 2861830488598, vstest.console.dll, AssemblyResolver.AddSearchDirectories: Adding more searchDirectories C:\Program Files\dotnet\sdk\6.0.301\Extensions,C:\Program Files\dotnet\sdk\6.0.301
TpTrace Information: 0 : 28348, 1, 2022/07/12, 21:51:47.891, 2861830490449, vstest.console.dll, AssemblyResolver.AddSearchDirectories: Adding more searchDirectories C:\Program Files\dotnet\sdk\6.0.301\Extensions,C:\Program Files\dotnet\sdk\6.0.301
TpTrace Information: 0 : 28348, 1, 2022/07/12, 21:51:47.891, 2861830492047, vstest.console.dll, AssemblyResolver.AddSearchDirectories: Adding more searchDirectories C:\Program Files\dotnet\sdk\6.0.301\Extensions,C:\Program Files\dotnet\sdk\6.0.301
TpTrace Information: 0 : 28348, 1, 2022/07/12, 21:51:47.892, 2861830493933, vstest.console.dll, AssemblyResolver.AddSearchDirectories: Adding more searchDirectories C:\Program Files\dotnet\sdk\6.0.301\Extensions,C:\Program Files\dotnet\sdk\6.0.301
TpTrace Information: 0 : 28348, 1, 2022/07/12, 21:51:47.892, 2861830495895, vstest.console.dll, AssemblyResolver.AddSearchDirectories: Adding more searchDirectories C:\Program Files\dotnet\sdk\6.0.301\Extensions,C:\Program Files\dotnet\sdk\6.0.301
TpTrace Information: 0 : 28348, 1, 2022/07/12, 21:51:47.892, 2861830497720, vstest.console.dll, AssemblyResolver.AddSearchDirectories: Adding more searchDirectories C:\Program Files\dotnet\sdk\6.0.301\Extensions,C:\Program Files\dotnet\sdk\6.0.301
TpTrace Information: 0 : 28348, 1, 2022/07/12, 21:51:47.892, 2861830500263, vstest.console.dll, AssemblyResolver.AddSearchDirectories: Adding more searchDirectories C:\Program Files\dotnet\sdk\6.0.301\Extensions,C:\Program Files\dotnet\sdk\6.0.301
TpTrace Information: 0 : 28348, 1, 2022/07/12, 21:51:47.892, 2861830502051, vstest.console.dll, AssemblyResolver.AddSearchDirectories: Adding more searchDirectories C:\Program Files\dotnet\sdk\6.0.301\Extensions,C:\Program Files\dotnet\sdk\6.0.301
TpTrace Verbose: 0 : 28348, 1, 2022/07/12, 21:51:47.893, 2861830506851, vstest.console.dll, MetadataReaderExtensionsHelper: Discovering extensions inside assembly 'DumpMinitool, Version=15.0.0.0, Culture=neutral, PublicKeyToken=b03f5f7f11d50a3a' file path 'C:\Program Files\dotnet\sdk\6.0.301\Extensions\DumpMinitool.exe'
TpTrace Verbose: 0 : 28348, 1, 2022/07/12, 21:51:47.902, 2861830594055, vstest.console.dll, MetadataReaderExtensionsHelper: Discovering extensions inside assembly 'DumpMinitool.x86, Version=15.0.0.0, Culture=neutral, PublicKeyToken=b03f5f7f11d50a3a' file path 'C:\Program Files\dotnet\sdk\6.0.301\Extensions\DumpMinitool.x86.exe'
TpTrace Verbose: 0 : 28348, 1, 2022/07/12, 21:51:47.903, 2861830606689, vstest.console.dll, MetadataReaderExtensionsHelper: Discovering extensions inside assembly 'Microsoft.Diagnostics.NETCore.Client, Version=0.2.5.801, Culture=neutral, PublicKeyToken=31bf3856ad364e35' file path 'C:\Program Files\dotnet\sdk\6.0.301\Extensions\Microsoft.Diagnostics.NETCore.Client.dll'
TpTrace Information: 0 : 28348, 1, 2022/07/12, 21:51:47.904, 2861830620320, vstest.console.dll, AssemblyResolver.OnResolve: Microsoft.Bcl.AsyncInterfaces: Resolving assembly.
TpTrace Information: 0 : 28348, 1, 2022/07/12, 21:51:47.904, 2861830622007, vstest.console.dll, AssemblyResolver.OnResolve: Microsoft.Bcl.AsyncInterfaces: Resolved from cache.
TpTrace Verbose: 0 : 28348, 1, 2022/07/12, 21:51:47.905, 2861830623069, vstest.console.dll, CurrentDomainAssemblyResolve: Resolving assembly 'Microsoft.Bcl.AsyncInterfaces'.
TpTrace Information: 0 : 28348, 1, 2022/07/12, 21:51:47.905, 2861830624376, vstest.console.dll, AssemblyResolver.OnResolve: Microsoft.Bcl.AsyncInterfaces: Resolving assembly.
TpTrace Information: 0 : 28348, 1, 2022/07/12, 21:51:47.905, 2861830625276, vstest.console.dll, AssemblyResolver.OnResolve: Microsoft.Bcl.AsyncInterfaces: Resolved from cache.
TpTrace Verbose: 0 : 28348, 1, 2022/07/12, 21:51:47.905, 2861830626162, vstest.console.dll, CurrentDomainAssemblyResolve: Resolving assembly 'Microsoft.Bcl.AsyncInterfaces'.
TpTrace Verbose: 0 : 28348, 1, 2022/07/12, 21:51:47.905, 2861830627116, vstest.console.dll, CurrentDomainAssemblyResolve: Failed to resolve assembly 'Microsoft.Bcl.AsyncInterfaces'.
TpTrace Verbose: 0 : 28348, 1, 2022/07/12, 21:51:47.905, 2861830630980, vstest.console.dll, CurrentDomainAssemblyResolve: Failed to resolve assembly 'Microsoft.Bcl.AsyncInterfaces'.
TpTrace Warning: 0 : 28348, 1, 2022/07/12, 21:51:47.906, 2861830642912, vstest.console.dll, TestPluginDiscoverer: Failed to get types from assembly 'Microsoft.Diagnostics.NETCore.Client, Version=0.2.5.801, Culture=neutral, PublicKeyToken=31bf3856ad364e35'. Error: System.Reflection.ReflectionTypeLoadException: Unable to load one or more of the requested types.
Could not load file or assembly 'Microsoft.Bcl.AsyncInterfaces, Version=1.0.0.0, Culture=neutral, PublicKeyToken=cc7b13ffcd2ddd51'. The system cannot find the file specified.
   at System.Reflection.RuntimeModule.GetTypes(RuntimeModule module)
   at System.Reflection.Assembly.GetTypes()
   at Microsoft.VisualStudio.TestPlatform.Common.ExtensionFramework.TestPluginDiscoverer.GetTestExtensionsFromAssembly[TPluginInfo,TExtension](Assembly assembly, Dictionary`2 pluginInfos, String filePath)
System.IO.FileNotFoundException: Could not load file or assembly 'Microsoft.Bcl.AsyncInterfaces, Version=1.0.0.0, Culture=neutral, PublicKeyToken=cc7b13ffcd2ddd51'. The system cannot find the file specified.
File name: 'Microsoft.Bcl.AsyncInterfaces, Version=1.0.0.0, Culture=neutral, PublicKeyToken=cc7b13ffcd2ddd51'
 ---> System.IO.FileNotFoundException: Could not load file or assembly 'Microsoft.Bcl.AsyncInterfaces, Culture=neutral, PublicKeyToken=null'. The system cannot find the file specified.
File name: 'Microsoft.Bcl.AsyncInterfaces, Culture=neutral, PublicKeyToken=null'
   at System.Reflection.RuntimeAssembly.InternalLoad(ObjectHandleOnStack assemblyName, ObjectHandleOnStack requestingAssembly, StackCrawlMarkHandle stackMark, Boolean throwOnFileNotFound, ObjectHandleOnStack assemblyLoadContext, ObjectHandleOnStack retAssembly)
   at System.Reflection.RuntimeAssembly.InternalLoad(AssemblyName assemblyName, RuntimeAssembly requestingAssembly, StackCrawlMark& stackMark, Boolean throwOnFileNotFound, AssemblyLoadContext assemblyLoadContext)
   at System.Reflection.Assembly.Load(AssemblyName assemblyRef)
   at Microsoft.VisualStudio.TestPlatform.Common.ExtensionFramework.TestPluginCache.CurrentDomainAssemblyResolve(Object sender, AssemblyResolveEventArgs args)
   at Microsoft.VisualStudio.TestPlatform.PlatformAbstractions.PlatformAssemblyResolver.AssemblyResolverEvent(Object sender, Object eventArgs)
   at System.Runtime.Loader.AssemblyLoadContext.GetFirstResolvedAssemblyFromResolvingEvent(AssemblyName assemblyName)
   at System.Runtime.Loader.AssemblyLoadContext.ResolveUsingEvent(AssemblyName assemblyName)
   at System.Runtime.Loader.AssemblyLoadContext.ResolveUsingResolvingEvent(IntPtr gchManagedAssemblyLoadContext, AssemblyName assemblyName)
TpTrace Warning: 0 : 28348, 1, 2022/07/12, 21:51:47.907, 2861830648045, vstest.console.dll, LoaderExceptions: System.IO.FileNotFoundException: Could not load file or assembly 'Microsoft.Bcl.AsyncInterfaces, Version=1.0.0.0, Culture=neutral, PublicKeyToken=cc7b13ffcd2ddd51'. The system cannot find the file specified.
File name: 'Microsoft.Bcl.AsyncInterfaces, Version=1.0.0.0, Culture=neutral, PublicKeyToken=cc7b13ffcd2ddd51'
 ---> System.IO.FileNotFoundException: Could not load file or assembly 'Microsoft.Bcl.AsyncInterfaces, Culture=neutral, PublicKeyToken=null'. The system cannot find the file specified.
File name: 'Microsoft.Bcl.AsyncInterfaces, Culture=neutral, PublicKeyToken=null'
   at System.Reflection.RuntimeAssembly.InternalLoad(ObjectHandleOnStack assemblyName, ObjectHandleOnStack requestingAssembly, StackCrawlMarkHandle stackMark, Boolean throwOnFileNotFound, ObjectHandleOnStack assemblyLoadContext, ObjectHandleOnStack retAssembly)
   at System.Reflection.RuntimeAssembly.InternalLoad(AssemblyName assemblyName, RuntimeAssembly requestingAssembly, StackCrawlMark& stackMark, Boolean throwOnFileNotFound, AssemblyLoadContext assemblyLoadContext)
   at System.Reflection.Assembly.Load(AssemblyName assemblyRef)
   at Microsoft.VisualStudio.TestPlatform.Common.ExtensionFramework.TestPluginCache.CurrentDomainAssemblyResolve(Object sender, AssemblyResolveEventArgs args)
   at Microsoft.VisualStudio.TestPlatform.PlatformAbstractions.PlatformAssemblyResolver.AssemblyResolverEvent(Object sender, Object eventArgs)
   at System.Runtime.Loader.AssemblyLoadContext.GetFirstResolvedAssemblyFromResolvingEvent(AssemblyName assemblyName)
   at System.Runtime.Loader.AssemblyLoadContext.ResolveUsingEvent(AssemblyName assemblyName)
   at System.Runtime.Loader.AssemblyLoadContext.ResolveUsingResolvingEvent(IntPtr gchManagedAssemblyLoadContext, AssemblyName assemblyName)
TpTrace Verbose: 0 : 28348, 1, 2022/07/12, 21:51:47.907, 2861830651590, vstest.console.dll, MetadataReaderExtensionsHelper: Discovering extensions inside assembly 'Microsoft.TestPlatform.Extensions.BlameDataCollector, Version=15.0.0.0, Culture=neutral, PublicKeyToken=b03f5f7f11d50a3a' file path 'C:\Program Files\dotnet\sdk\6.0.301\Extensions\Microsoft.TestPlatform.Extensions.BlameDataCollector.dll'
TpTrace Information: 0 : 28348, 1, 2022/07/12, 21:51:47.909, 2861830668979, vstest.console.dll, GetTestExtensionFromType: Register extension with identifier data 'logger://Microsoft/TestPlatform/Extensions/Blame/v1' and type 'Microsoft.TestPlatform.Extensions.BlameDataCollector.BlameLogger, Microsoft.TestPlatform.Extensions.BlameDataCollector, Version=15.0.0.0, Culture=neutral, PublicKeyToken=b03f5f7f11d50a3a' inside file 'C:\Program Files\dotnet\sdk\6.0.301\Extensions\Microsoft.TestPlatform.Extensions.BlameDataCollector.dll'
TpTrace Verbose: 0 : 28348, 1, 2022/07/12, 21:51:47.909, 2861830671219, vstest.console.dll, MetadataReaderExtensionsHelper: Discovering extensions inside assembly 'Microsoft.TestPlatform.Extensions.EventLogCollector, Version=15.0.0.0, Culture=neutral, PublicKeyToken=b03f5f7f11d50a3a' file path 'C:\Program Files\dotnet\sdk\6.0.301\Extensions\Microsoft.TestPlatform.Extensions.EventLogCollector.dll'
TpTrace Verbose: 0 : 28348, 1, 2022/07/12, 21:51:47.911, 2861830683918, vstest.console.dll, MetadataReaderExtensionsHelper: Discovering extensions inside assembly 'Microsoft.TestPlatform.TestHostRuntimeProvider, Version=15.0.0.0, Culture=neutral, PublicKeyToken=b03f5f7f11d50a3a' file path 'C:\Program Files\dotnet\sdk\6.0.301\Extensions\Microsoft.TestPlatform.TestHostRuntimeProvider.dll'
TpTrace Verbose: 0 : 28348, 1, 2022/07/12, 21:51:47.912, 2861830695722, vstest.console.dll, MetadataReaderExtensionsHelper: Discovering extensions inside assembly 'Microsoft.VisualStudio.TestPlatform.Extensions.Html.TestLogger, Version=15.0.0.0, Culture=neutral, PublicKeyToken=b03f5f7f11d50a3a' file path 'C:\Program Files\dotnet\sdk\6.0.301\Extensions\Microsoft.VisualStudio.TestPlatform.Extensions.Html.TestLogger.dll'
TpTrace Information: 0 : 28348, 1, 2022/07/12, 21:51:47.913, 2861830710120, vstest.console.dll, GetTestExtensionFromType: Register extension with identifier data 'logger://Microsoft/TestPlatform/HtmlLogger/v1' and type 'Microsoft.VisualStudio.TestPlatform.Extensions.HtmlLogger.HtmlLogger, Microsoft.VisualStudio.TestPlatform.Extensions.Html.TestLogger, Version=15.0.0.0, Culture=neutral, PublicKeyToken=b03f5f7f11d50a3a' inside file 'C:\Program Files\dotnet\sdk\6.0.301\Extensions\Microsoft.VisualStudio.TestPlatform.Extensions.Html.TestLogger.dll'
TpTrace Verbose: 0 : 28348, 1, 2022/07/12, 21:51:47.914, 2861830713738, vstest.console.dll, MetadataReaderExtensionsHelper: Discovering extensions inside assembly 'Microsoft.VisualStudio.TestPlatform.Extensions.Trx.TestLogger, Version=15.0.0.0, Culture=neutral, PublicKeyToken=b03f5f7f11d50a3a' file path 'C:\Program Files\dotnet\sdk\6.0.301\Extensions\Microsoft.VisualStudio.TestPlatform.Extensions.Trx.TestLogger.dll'
TpTrace Information: 0 : 28348, 1, 2022/07/12, 21:51:47.915, 2861830728129, vstest.console.dll, GetTestExtensionFromType: Register extension with identifier data 'logger://Microsoft/TestPlatform/TrxLogger/v1' and type 'Microsoft.VisualStudio.TestPlatform.Extensions.TrxLogger.TrxLogger, Microsoft.VisualStudio.TestPlatform.Extensions.Trx.TestLogger, Version=15.0.0.0, Culture=neutral, PublicKeyToken=b03f5f7f11d50a3a' inside file 'C:\Program Files\dotnet\sdk\6.0.301\Extensions\Microsoft.VisualStudio.TestPlatform.Extensions.Trx.TestLogger.dll'
TpTrace Verbose: 0 : 28348, 1, 2022/07/12, 21:51:47.915, 2861830732538, vstest.console.dll, TestPluginCache: Discovered the extensions using extension path ''.
TpTrace Verbose: 0 : 28348, 1, 2022/07/12, 21:51:47.916, 2861830734002, vstest.console.dll, TestPluginCache: Discoverers are ''.
TpTrace Verbose: 0 : 28348, 1, 2022/07/12, 21:51:47.916, 2861830735304, vstest.console.dll, TestPluginCache: Executors are ''.
TpTrace Verbose: 0 : 28348, 1, 2022/07/12, 21:51:47.916, 2861830736189, vstest.console.dll, TestPluginCache: Executors2 are ''.
TpTrace Verbose: 0 : 28348, 1, 2022/07/12, 21:51:47.916, 2861830737123, vstest.console.dll, TestPluginCache: Setting providers are ''.
TpTrace Verbose: 0 : 28348, 1, 2022/07/12, 21:51:47.916, 2861830739113, vstest.console.dll, TestPluginCache: Loggers are 'logger://Microsoft/TestPlatform/Extensions/Blame/v1,logger://Microsoft/TestPlatform/HtmlLogger/v1,logger://Microsoft/TestPlatform/TrxLogger/v1'.
TpTrace Verbose: 0 : 28348, 1, 2022/07/12, 21:51:47.916, 2861830740459, vstest.console.dll, TestPluginCache: TestHosts are 'HostProvider://DefaultTestHost,HostProvider://DotnetTestHost'.
TpTrace Verbose: 0 : 28348, 1, 2022/07/12, 21:51:47.916, 2861830741349, vstest.console.dll, TestPluginCache: DataCollectors are ''.
TpTrace Information: 0 : 28348, 1, 2022/07/12, 21:51:47.918, 2861830757444, vstest.console.dll, TestPluginManager.CreateTestExtension: Attempting to load test extension: Microsoft.TestPlatform.Extensions.BlameDataCollector.BlameLogger
TpTrace Information: 0 : 28348, 1, 2022/07/12, 21:51:47.930, 2861830878702, vstest.console.dll, TestPluginManager.CreateTestExtension: Attempting to load test extension: Microsoft.VisualStudio.TestPlatform.CrossPlatEngine.Hosting.DefaultTestHostManager
TpTrace Information: 0 : 28348, 1, 2022/07/12, 21:51:47.932, 2861830897800, vstest.console.dll, TestPluginManager.CreateTestExtension: Attempting to load test extension: Microsoft.VisualStudio.TestPlatform.CrossPlatEngine.Hosting.DotnetTestHostManager
TpTrace Verbose: 0 : 28348, 1, 2022/07/12, 21:51:47.934, 2861830914401, vstest.console.dll, TestEngine: Initializing Parallel Execution as MaxCpuCount is set to: 1
TpTrace Information: 0 : 28348, 1, 2022/07/12, 21:51:47.936, 2861830934813, vstest.console.dll, InferRunSettingsHelper.IsTestSettingsEnabled: Unable to navigate to RunSettings/MSTest. Current node: RunSettings
TpTrace Verbose: 0 : 28348, 1, 2022/07/12, 21:51:47.940, 2861830980279, vstest.console.dll, TestRequestSender is acting as server.
TpTrace Verbose: 0 : 28348, 1, 2022/07/12, 21:51:47.946, 2861831039526, vstest.console.dll, TestEngine.GetExecutionManager: Chosen execution manager 'Microsoft.VisualStudio.TestPlatform.CrossPlatEngine.Client.Parallel.ParallelProxyExecutionManager, Microsoft.TestPlatform.CrossPlatEngine, Version=15.0.0.0, Culture=neutral, PublicKeyToken=b03f5f7f11d50a3a' ParallelLevel '1' Shared host 'False'
TpTrace Verbose: 0 : 28348, 5, 2022/07/12, 21:51:47.954, 2861831122485, vstest.console.dll, DataCollectionRequestSender.InitializeCommunication : Initialize communication. 
TpTrace Information: 0 : 28348, 5, 2022/07/12, 21:51:47.970, 2861831281628, vstest.console.dll, Listening on Endpoint : 127.0.0.1:52644
TpTrace Verbose: 0 : 28348, 5, 2022/07/12, 21:51:47.990, 2861831473684, vstest.console.dll, DotnetDataCollectionLauncher: Full path of dotnet.exe is C:\Program Files\dotnet\dotnet.exe
TpTrace Verbose: 0 : 28348, 5, 2022/07/12, 21:51:47.990, 2861831479934, vstest.console.dll, DotnetDataCollectionLauncher: Adding  --runtimeconfig "C:\Program Files\dotnet\sdk\6.0.301\datacollector.runtimeconfig.json" in args
TpTrace Verbose: 0 : 28348, 5, 2022/07/12, 21:51:47.991, 2861831483420, vstest.console.dll, DotnetDataCollectionLauncher: Adding  --depsfile "C:\Program Files\dotnet\sdk\6.0.301\datacollector.deps.json" in args
TpTrace Information: 0 : 28348, 5, 2022/07/12, 21:51:48.010, 2861831682857, vstest.console.dll, ProxyDataCollectionManager.Initialize: Launched datacollector processId: 19760 port: 52644
TpTrace Information: 0 : 28348, 5, 2022/07/12, 21:51:48.011, 2861831686953, vstest.console.dll, ProxyDataCollectionManager.Initialize: waiting for connection with timeout: 90 seconds
TpTrace Verbose: 0 : 28348, 5, 2022/07/12, 21:51:48.011, 2861831689478, vstest.console.dll, DataCollectionRequestSender.WaitForRequestHandlerConnection : Waiting for connection with timeout: 90000
TpTrace Information: 0 : 28348, 8, 2022/07/12, 21:51:48.329, 2861834865702, vstest.console.dll, Using the buffer size of 16384 bytes
TpTrace Verbose: 0 : 28348, 5, 2022/07/12, 21:51:48.329, 2861834865922, vstest.console.dll, SocketCommunicationManager.WaitForClientConnection took: 317 ms, with 90000 ms timeout, and finished with True.
TpTrace Information: 0 : 28348, 8, 2022/07/12, 21:51:48.329, 2861834867277, vstest.console.dll, Accepted Client request and set the flag
TpTrace Verbose: 0 : 28348, 5, 2022/07/12, 21:51:48.329, 2861834868884, vstest.console.dll, ProxyDataCollectionManager.InvokeDataCollectionServiceAction: Starting.
TpTrace Information: 0 : 28348, 5, 2022/07/12, 21:51:48.329, 2861834870013, vstest.console.dll, ProxyDataCollectionManager.BeforeTestRunStart: Get environment variable and port for datacollector processId: 19760 port: 52644
TpTrace Verbose: 0 : 28348, 5, 2022/07/12, 21:51:48.329, 2861834871330, vstest.console.dll, DataCollectionRequestSender.SendBeforeTestRunStartAndGetResult: Send BeforeTestRunStart message with settingsXml <RunSettings><RunConfiguration><ResultsDirectory>C:\Users\tej\workArea\Asp.Net\Student-API\UnitTests\bin\Debug\net6.0\fine-code-coverage\coverage-tool-output</ResultsDirectory><TargetPlatform>X64</TargetPlatform><TargetFrameworkVersion>.NETCoreApp,Version=v6.0</TargetFrameworkVersion><DesignMode>False</DesignMode><CollectSourceInformation>False</CollectSourceInformation><TestAdaptersPaths>C:\Program Files\dotnet\sdk\6.0.301\Extensions</TestAdaptersPaths></RunConfiguration><LoggerRunSettings><Loggers><Logger friendlyName="blame" enabled="True" /><Logger friendlyName="Console" uri="logger://microsoft/TestPlatform/ConsoleLogger/v1" assemblyQualifiedName="Microsoft.VisualStudio.TestPlatform.CommandLine.Internal.ConsoleLogger, vstest.console, Version=15.0.0.0, Culture=neutral, PublicKeyToken=b03f5f7f11d50a3a" codeBase="C:\Program Files\dotnet\sdk\6.0.301\vstest.console.dll" enabled="True" /></Loggers></LoggerRunSettings><DataCollectionRunSettings><DataCollectors><DataCollector friendlyName="blame" enabled="True"><Configuration><ResultsDirectory>C:\Users\tej\workArea\Asp.Net\Student-API\UnitTests\bin\Debug\net6.0\fine-code-coverage\coverage-tool-output</ResultsDirectory></Configuration></DataCollector></DataCollectors></DataCollectionRunSettings></RunSettings> and sources System.Linq.Enumerable+Concat2Iterator`1[System.String]: 
TpTrace Verbose: 0 : 28348, 5, 2022/07/12, 21:51:48.403, 2861835607545, vstest.console.dll, DataCollectionRequestSender.SendBeforeTestRunStartAndGetResult: Received message: (DataCollection.SendMessage) -> {
  "FriendlyName": null,
  "Uri": null,
  "TestCaseId": "00000000-0000-0000-0000-000000000000",
  "Message": "Logging DataCollector Diagnostics in file: C:\\Users\\tej\\workArea\\Asp.Net\\Student-API\\UnitTests\\bin\\Debug\\net6.0\\fine-code-coverage\\coverage-tool-output\\diagnostics.datacollector.22-07-12_21-51-47_98903_5.log",
  "Level": 0
}
TpTrace Verbose: 0 : 28348, 5, 2022/07/12, 21:51:48.533, 2861836908729, vstest.console.dll, DataCollectionRequestSender.SendBeforeTestRunStartAndGetResult: Received message: (DataCollection.BeforeTestRunStartResult) -> {
  "EnvironmentVariables": {},
  "DataCollectionEventsPort": 52646
}
TpTrace Information: 0 : 28348, 5, 2022/07/12, 21:51:48.542, 2861837000378, vstest.console.dll, ProxyDataCollectionManager.BeforeTestRunStart: SendBeforeTestRunStartAndGetResult successful, env variable from datacollector:   and testhost port: 52646
TpTrace Information: 0 : 28348, 5, 2022/07/12, 21:51:48.542, 2861837002017, vstest.console.dll, ProxyDataCollectionManager.InvokeDataCollectionServiceAction: Completed.
TpTrace Verbose: 0 : 28348, 1, 2022/07/12, 21:51:48.543, 2861837005002, vstest.console.dll, TestRunRequest.ExecuteAsync: Creating test run request.
TpTrace Verbose: 0 : 28348, 1, 2022/07/12, 21:51:48.543, 2861837010006, vstest.console.dll, TestRunRequest.ExecuteAsync: Starting.
TpTrace Information: 0 : 28348, 1, 2022/07/12, 21:51:48.544, 2861837016221, vstest.console.dll, TestRunRequest.ExecuteAsync: Starting run with settings:TestRunCriteria:
   KeepAlive=False,FrequencyOfRunStatsChangeEvent=10,RunStatsChangeEventTimeout=00:00:01.5000000,TestCaseFilter=,TestExecutorLauncher=
   Settingsxml=<RunSettings>
  <RunConfiguration>
    <ResultsDirectory>C:\Users\tej\workArea\Asp.Net\Student-API\UnitTests\bin\Debug\net6.0\fine-code-coverage\coverage-tool-output</ResultsDirectory>
    <TargetPlatform>X64</TargetPlatform>
    <TargetFrameworkVersion>.NETCoreApp,Version=v6.0</TargetFrameworkVersion>
    <DesignMode>False</DesignMode>
    <CollectSourceInformation>False</CollectSourceInformation>
  </RunConfiguration>
  <LoggerRunSettings>
    <Loggers>
      <Logger friendlyName="blame" enabled="True" />
      <Logger friendlyName="Console" uri="logger://microsoft/TestPlatform/ConsoleLogger/v1" assemblyQualifiedName="Microsoft.VisualStudio.TestPlatform.CommandLine.Internal.ConsoleLogger, vstest.console, Version=15.0.0.0, Culture=neutral, PublicKeyToken=b03f5f7f11d50a3a" codeBase="C:\Program Files\dotnet\sdk\6.0.301\vstest.console.dll" enabled="True" />
    </Loggers>
  </LoggerRunSettings>
  <DataCollectionRunSettings>
    <DataCollectors>
      <DataCollector friendlyName="blame" enabled="True">
        <Configuration>
          <ResultsDirectory>C:\Users\tej\workArea\Asp.Net\Student-API\UnitTests\bin\Debug\net6.0\fine-code-coverage\coverage-tool-output</ResultsDirectory>
        </Configuration>
      </DataCollector>
    </DataCollectors>
  </DataCollectionRunSettings>
</RunSettings>

TpTrace Verbose: 0 : 28348, 1, 2022/07/12, 21:51:48.544, 2861837017372, vstest.console.dll, TestRunRequest.ExecuteAsync: Wait for the first run request is over.
TpTrace Verbose: 0 : 28348, 1, 2022/07/12, 21:51:48.544, 2861837022716, vstest.console.dll, MulticastDelegateUtilities.SafeInvoke: TestRun.TestRunStart: Invoking callbacks was skipped because there are no subscribers.
TpTrace Verbose: 0 : 28348, 4, 2022/07/12, 21:51:48.545, 2861837026103, vstest.console.dll, MulticastDelegateUtilities.SafeInvoke: InternalTestLoggerEvents.SendTestRunStart: Invoking callback 1/1 for Microsoft.VisualStudio.TestPlatform.CommandLine.Internal.ConsoleLogger.TestRunStartHandler, took 0 ms.
TpTrace Verbose: 0 : 28348, 1, 2022/07/12, 21:51:48.545, 2861837026350, vstest.console.dll, ParallelProxyExecutionManager: Start execution. Total sources: 1
TpTrace Information: 0 : 28348, 1, 2022/07/12, 21:51:48.547, 2861837043173, vstest.console.dll, ProxyParallelExecutionManager: Triggering test run for next source: C:\Users\tej\workArea\Asp.Net\Student-API\UnitTests\bin\Debug\net6.0\fine-code-coverage\build-output\UnitTests.dll
TpTrace Verbose: 0 : 28348, 5, 2022/07/12, 21:51:48.547, 2861837046432, vstest.console.dll, ParallelProxyExecutionManager: Execution started. Started clients: 1
TpTrace Verbose: 0 : 28348, 1, 2022/07/12, 21:51:48.547, 2861837047206, vstest.console.dll, ProxyParallelExecutionManager: No sources available for execution.
TpTrace Information: 0 : 28348, 1, 2022/07/12, 21:51:48.547, 2861837049294, vstest.console.dll, TestRunRequest.ExecuteAsync: Started.
TpTrace Verbose: 0 : 28348, 1, 2022/07/12, 21:51:48.547, 2861837050715, vstest.console.dll, TestRunRequest.WaitForCompletion: Waiting with timeout -1.
TpTrace Verbose: 0 : 28348, 5, 2022/07/12, 21:51:48.547, 2861837051141, vstest.console.dll, TestRunRequest:SendTestRunMessage: Starting.
TpTrace Verbose: 0 : 28348, 5, 2022/07/12, 21:51:48.548, 2861837054104, vstest.console.dll, MulticastDelegateUtilities.SafeInvoke: TestRun.LogMessages: Invoking callback 1/1 for Microsoft.VisualStudio.TestPlatform.CommandLine.TestRunResultAggregator.TestRunMessageHandler, took 0 ms.
TpTrace Information: 0 : 28348, 5, 2022/07/12, 21:51:48.548, 2861837054917, vstest.console.dll, TestRunRequest:SendTestRunMessage: Completed.
TpTrace Verbose: 0 : 28348, 4, 2022/07/12, 21:51:48.548, 2861837054854, vstest.console.dll, MulticastDelegateUtilities.SafeInvoke: InternalTestLoggerEvents.SendTestRunMessage: Invoking callback 1/1 for Microsoft.VisualStudio.TestPlatform.CommandLine.Internal.ConsoleLogger.TestMessageHandler, took 0 ms.
TpTrace Verbose: 0 : 28348, 5, 2022/07/12, 21:51:48.548, 2861837059392, vstest.console.dll, ProxyExecutionManager: Test host is always Lazy initialize.
TpTrace Verbose: 0 : 28348, 5, 2022/07/12, 21:51:48.548, 2861837062743, vstest.console.dll, TestRequestSender.InitializeCommunication: initialize communication. 
TpTrace Information: 0 : 28348, 5, 2022/07/12, 21:51:48.550, 2861837072977, vstest.console.dll, SocketServer.Start: Listening on endpoint : 127.0.0.1:52647
TpTrace Verbose: 0 : 28348, 5, 2022/07/12, 21:51:48.551, 2861837084602, vstest.console.dll, DotnetTestHostmanager.GetTestHostProcessStartInfo: Platform environment 'X64' target architecture 'X64' framework '.NETCoreApp,Version=v6.0' OS 'Windows'
TpTrace Verbose: 0 : 28348, 5, 2022/07/12, 21:51:48.552, 2861837093154, vstest.console.dll, DotnetTestHostmanager: Adding  --runtimeconfig "C:\Users\tej\workArea\Asp.Net\Student-API\UnitTests\bin\Debug\net6.0\fine-code-coverage\build-output\UnitTests.runtimeconfig.json" in args
TpTrace Verbose: 0 : 28348, 5, 2022/07/12, 21:51:48.552, 2861837095470, vstest.console.dll, DotnetTestHostmanager: Adding  --depsfile "C:\Users\tej\workArea\Asp.Net\Student-API\UnitTests\bin\Debug\net6.0\fine-code-coverage\build-output\UnitTests.deps.json" in args
TpTrace Verbose: 0 : 28348, 5, 2022/07/12, 21:51:48.552, 2861837101334, vstest.console.dll, DotnetTestHostmanager.IsWinOnArm: Current PROCESSOR_ARCHITECTURE from environment variable 'AMD64'
TpTrace Verbose: 0 : 28348, 5, 2022/07/12, 21:51:48.552, 2861837102518, vstest.console.dll, DotnetTestHostmanager.IsWinOnArm: Is Windows on ARM 'False'
TpTrace Verbose: 0 : 28348, 5, 2022/07/12, 21:51:48.553, 2861837104085, vstest.console.dll, DotnetTestHostManager: testhost.exe found at path: C:\Users\tej\workArea\Asp.Net\Student-API\UnitTests\bin\Debug\net6.0\fine-code-coverage\build-output\testhost.exe
TpTrace Verbose: 0 : 28348, 5, 2022/07/12, 21:51:48.553, 2861837104913, vstest.console.dll, DotnetTestHostmanager: Full path of host exe is C:\Users\tej\workArea\Asp.Net\Student-API\UnitTests\bin\Debug\net6.0\fine-code-coverage\build-output\testhost.exe
TpTrace Verbose: 0 : 28348, 5, 2022/07/12, 21:51:48.553, 2861837107366, vstest.console.dll, DotnetTestHostmanager.LaunchTestHostAsync: Found 'VSTEST_WINAPPHOST_DOTNET_ROOT' in env variables, value 'C:\Program Files\dotnet', forwarding to 'DOTNET_ROOT'
TpTrace Verbose: 0 : 28348, 7, 2022/07/12, 21:51:48.554, 2861837120392, vstest.console.dll, DotnetTestHostManager: Starting process 'C:\Users\tej\workArea\Asp.Net\Student-API\UnitTests\bin\Debug\net6.0\fine-code-coverage\build-output\testhost.exe' with command line ' --runtimeconfig "C:\Users\tej\workArea\Asp.Net\Student-API\UnitTests\bin\Debug\net6.0\fine-code-coverage\build-output\UnitTests.runtimeconfig.json" --depsfile "C:\Users\tej\workArea\Asp.Net\Student-API\UnitTests\bin\Debug\net6.0\fine-code-coverage\build-output\UnitTests.deps.json" --port 52647 --endpoint 127.0.0.1:052647 --role client --parentprocessid 28348 --diag "C:\Users\tej\workArea\Asp.Net\Student-API\UnitTests\bin\Debug\net6.0\fine-code-coverage\coverage-tool-output\diagnostics.host.22-07-12_21-51-48_55065_5.log" --tracelevel 4 --datacollectionport 52646 --telemetryoptedin false'
TpTrace Verbose: 0 : 28348, 7, 2022/07/12, 21:51:48.618, 2861837755107, vstest.console.dll, MulticastDelegateUtilities.SafeInvoke: HostProviderEvents.OnHostLaunched: Invoking callback 1/2 for Microsoft.VisualStudio.TestPlatform.CrossPlatEngine.Client.ProxyExecutionManagerWithDataCollection.TestHostLaunchedHandler, took 1 ms.
TpTrace Verbose: 0 : 28348, 7, 2022/07/12, 21:51:48.618, 2861837756466, vstest.console.dll, Test Runtime launched
TpTrace Verbose: 0 : 28348, 7, 2022/07/12, 21:51:48.618, 2861837757179, vstest.console.dll, MulticastDelegateUtilities.SafeInvoke: HostProviderEvents.OnHostLaunched: Invoking callback 2/2 for Microsoft.VisualStudio.TestPlatform.CrossPlatEngine.Client.ProxyOperationManager.TestHostManagerHostLaunched, took 0 ms.
TpTrace Verbose: 0 : 28348, 5, 2022/07/12, 21:51:48.619, 2861837763202, vstest.console.dll, TestRequestSender.WaitForRequestHandlerConnection: waiting for connection with timeout: 90000.
TpTrace Verbose: 0 : 28348, 5, 2022/07/12, 21:51:48.903, 2861840606113, vstest.console.dll, TestRequestSender.WaitForRequestHandlerConnection: waiting took 284 ms, with timeout 90000 ms, and result 0, which is success.
TpTrace Verbose: 0 : 28348, 7, 2022/07/12, 21:51:48.903, 2861840606120, vstest.console.dll, MulticastDelegateUtilities.SafeInvoke: SocketServer: ClientConnected: Invoking callback 1/1 for Microsoft.VisualStudio.TestPlatform.CommunicationUtilities.TestRequestSender.<InitializeCommunication>b__23_0, took 0 ms.
TpTrace Verbose: 0 : 28348, 7, 2022/07/12, 21:51:48.903, 2861840608989, vstest.console.dll, SocketServer.OnClientConnected: Client connected for endPoint: 127.0.0.1:52647, starting MessageLoopAsync:
TpTrace Verbose: 0 : 28348, 7, 2022/07/12, 21:51:48.903, 2861840611830, vstest.console.dll, TcpClientExtensions.MessageLoopAsync: Polling on remoteEndPoint: 127.0.0.1:52648 localEndPoint: 127.0.0.1:52647
TpTrace Verbose: 0 : 28348, 5, 2022/07/12, 21:51:48.905, 2861840627515, vstest.console.dll, TestRequestSender.CheckVersionWithTestHost: Sending check version message: {"MessageType":"ProtocolVersion","Payload":6}
TpTrace Verbose: 0 : 28348, 7, 2022/07/12, 21:51:49.117, 2861842744797, vstest.console.dll, TcpClientExtensions.MessageLoopAsync: NotifyDataAvailable remoteEndPoint: 127.0.0.1:52648 localEndPoint: 127.0.0.1:52647
TpTrace Verbose: 0 : 28348, 7, 2022/07/12, 21:51:49.117, 2861842747474, vstest.console.dll, TestRequestSender.CheckVersionWithTestHost: onMessageReceived received message: (ProtocolVersion) -> 5
TpTrace Verbose: 0 : 28348, 7, 2022/07/12, 21:51:49.117, 2861842750945, vstest.console.dll, MulticastDelegateUtilities.SafeInvoke: LengthPrefixCommunicationChannel: MessageReceived: Invoking callback 1/1 for Microsoft.VisualStudio.TestPlatform.CommunicationUtilities.TestRequestSender+<>c__DisplayClass25_0.<CheckVersionWithTestHost>b__0, took 0 ms.
TpTrace Verbose: 0 : 28348, 5, 2022/07/12, 21:51:49.117, 2861842751630, vstest.console.dll, TestPluginCache.GetExtensionPaths: Filtered extension paths: 
TpTrace Verbose: 0 : 28348, 7, 2022/07/12, 21:51:49.117, 2861842751707, vstest.console.dll, TcpClientExtensions.MessageLoopAsync: Polling on remoteEndPoint: 127.0.0.1:52648 localEndPoint: 127.0.0.1:52647
TpTrace Verbose: 0 : 28348, 5, 2022/07/12, 21:51:49.117, 2861842752637, vstest.console.dll, TestPluginCache.GetExtensionPaths: Added default extension paths: C:\Program Files\dotnet\sdk\6.0.301\Extensions\DumpMinitool.exe
C:\Program Files\dotnet\sdk\6.0.301\Extensions\DumpMinitool.x86.exe
C:\Program Files\dotnet\sdk\6.0.301\Extensions\Microsoft.Diagnostics.NETCore.Client.dll
C:\Program Files\dotnet\sdk\6.0.301\Extensions\Microsoft.TestPlatform.Extensions.BlameDataCollector.dll
C:\Program Files\dotnet\sdk\6.0.301\Extensions\Microsoft.TestPlatform.Extensions.EventLogCollector.dll
C:\Program Files\dotnet\sdk\6.0.301\Extensions\Microsoft.TestPlatform.TestHostRuntimeProvider.dll
C:\Program Files\dotnet\sdk\6.0.301\Extensions\Microsoft.VisualStudio.TestPlatform.Extensions.Html.TestLogger.dll
C:\Program Files\dotnet\sdk\6.0.301\Extensions\Microsoft.VisualStudio.TestPlatform.Extensions.Trx.TestLogger.dll
TpTrace Verbose: 0 : 28348, 5, 2022/07/12, 21:51:49.118, 2861842754061, vstest.console.dll, TestPluginCache.GetExtensionPaths: Added unfilterableExtensionPaths: 
TpTrace Verbose: 0 : 28348, 5, 2022/07/12, 21:51:49.121, 2861842788372, vstest.console.dll, TestRequestSender.InitializeExecution: Sending initialize execution with message: {"Version":5,"MessageType":"TestExecution.Initialize","Payload":["C:\\Users\\tej\\workArea\\Asp.Net\\Student-API\\UnitTests\\bin\\Debug\\net6.0\\fine-code-coverage\\build-output\\xunit.runner.visualstudio.dotnetcore.testadapter.dll"]}
TpTrace Verbose: 0 : 28348, 7, 2022/07/12, 21:51:49.131, 2861842889540, vstest.console.dll, TcpClientExtensions.MessageLoopAsync: NotifyDataAvailable remoteEndPoint: 127.0.0.1:52648 localEndPoint: 127.0.0.1:52647
TpTrace Warning: 0 : 28348, 5, 2022/07/12, 21:51:49.131, 2861842890551, vstest.console.dll, InferRunSettingsHelper.MakeRunsettingsCompatible: Removing the following settings: TargetPlatform from RunSettings file. To use those settings please move to latest version of Microsoft.NET.Test.Sdk
TpTrace Verbose: 0 : 28348, 7, 2022/07/12, 21:51:49.131, 2861842890691, vstest.console.dll, LengthPrefixCommunicationChannel.NotifyDataAvailable: New data are waiting to be received, but there is no subscriber to be notified. Not reading them from the stream.
TpTrace Verbose: 0 : 28348, 7, 2022/07/12, 21:51:49.131, 2861842892352, vstest.console.dll, TcpClientExtensions.MessageLoopAsync: Polling on remoteEndPoint: 127.0.0.1:52648 localEndPoint: 127.0.0.1:52647
TpTrace Verbose: 0 : 28348, 7, 2022/07/12, 21:51:49.131, 2861842892886, vstest.console.dll, TcpClientExtensions.MessageLoopAsync: NotifyDataAvailable remoteEndPoint: 127.0.0.1:52648 localEndPoint: 127.0.0.1:52647
TpTrace Verbose: 0 : 28348, 7, 2022/07/12, 21:51:49.132, 2861842893245, vstest.console.dll, LengthPrefixCommunicationChannel.NotifyDataAvailable: New data are waiting to be received, but there is no subscriber to be notified. Not reading them from the stream.
TpTrace Verbose: 0 : 28348, 7, 2022/07/12, 21:51:49.132, 2861842893606, vstest.console.dll, TcpClientExtensions.MessageLoopAsync: Polling on remoteEndPoint: 127.0.0.1:52648 localEndPoint: 127.0.0.1:52647
TpTrace Verbose: 0 : 28348, 7, 2022/07/12, 21:51:49.132, 2861842894194, vstest.console.dll, TcpClientExtensions.MessageLoopAsync: NotifyDataAvailable remoteEndPoint: 127.0.0.1:52648 localEndPoint: 127.0.0.1:52647
TpTrace Verbose: 0 : 28348, 7, 2022/07/12, 21:51:49.132, 2861842894995, vstest.console.dll, LengthPrefixCommunicationChannel.NotifyDataAvailable: New data are waiting to be received, but there is no subscriber to be notified. Not reading them from the stream.
TpTrace Verbose: 0 : 28348, 7, 2022/07/12, 21:51:49.132, 2861842895361, vstest.console.dll, TcpClientExtensions.MessageLoopAsync: Polling on remoteEndPoint: 127.0.0.1:52648 localEndPoint: 127.0.0.1:52647
TpTrace Verbose: 0 : 28348, 7, 2022/07/12, 21:51:49.132, 2861842895758, vstest.console.dll, TcpClientExtensions.MessageLoopAsync: NotifyDataAvailable remoteEndPoint: 127.0.0.1:52648 localEndPoint: 127.0.0.1:52647
TpTrace Verbose: 0 : 28348, 7, 2022/07/12, 21:51:49.132, 2861842896733, vstest.console.dll, TestRequestSender.OnExecutionMessageReceived: Received message: {"Version":5,"MessageType":"TestSession.Message","Payload":{"MessageLevel":0,"Message":"Logging TestHost Diagnostics in file: C:\\Users\\tej\\workArea\\Asp.Net\\Student-API\\UnitTests\\bin\\Debug\\net6.0\\fine-code-coverage\\coverage-tool-output\\diagnostics.host.22-07-12_21-51-48_55065_5.log"}}
TpTrace Verbose: 0 : 28348, 7, 2022/07/12, 21:51:49.134, 2861842915321, vstest.console.dll, TestRunRequest:SendTestRunMessage: Starting.
TpTrace Verbose: 0 : 28348, 7, 2022/07/12, 21:51:49.134, 2861842916481, vstest.console.dll, MulticastDelegateUtilities.SafeInvoke: TestRun.LogMessages: Invoking callback 1/1 for Microsoft.VisualStudio.TestPlatform.CommandLine.TestRunResultAggregator.TestRunMessageHandler, took 0 ms.
TpTrace Information: 0 : 28348, 7, 2022/07/12, 21:51:49.134, 2861842917126, vstest.console.dll, TestRunRequest:SendTestRunMessage: Completed.
TpTrace Verbose: 0 : 28348, 4, 2022/07/12, 21:51:49.134, 2861842916746, vstest.console.dll, MulticastDelegateUtilities.SafeInvoke: InternalTestLoggerEvents.SendTestRunMessage: Invoking callback 1/1 for Microsoft.VisualStudio.TestPlatform.CommandLine.Internal.ConsoleLogger.TestMessageHandler, took 0 ms.
TpTrace Verbose: 0 : 28348, 7, 2022/07/12, 21:51:49.134, 2861842917680, vstest.console.dll, MulticastDelegateUtilities.SafeInvoke: LengthPrefixCommunicationChannel: MessageReceived: Invoking callback 1/1 for Microsoft.VisualStudio.TestPlatform.CommunicationUtilities.TestRequestSender+<>c__DisplayClass30_0.<StartTestRun>b__1, took 2 ms.
TpTrace Verbose: 0 : 28348, 7, 2022/07/12, 21:51:49.134, 2861842919110, vstest.console.dll, TcpClientExtensions.MessageLoopAsync: Polling on remoteEndPoint: 127.0.0.1:52648 localEndPoint: 127.0.0.1:52647
TpTrace Verbose: 0 : 28348, 5, 2022/07/12, 21:51:49.140, 2861842980490, vstest.console.dll, TestRequestSender.StartTestRun: Sending test run with message: {"Version":5,"MessageType":"TestExecution.StartWithSources","Payload":{"AdapterSourceMap":{"_none_":["C:\\Users\\tej\\workArea\\Asp.Net\\Student-API\\UnitTests\\bin\\Debug\\net6.0\\fine-code-coverage\\build-output\\UnitTests.dll"]},"RunSettings":"<RunSettings>\r\n  <RunConfiguration>\r\n    <ResultsDirectory>C:\\Users\\tej\\workArea\\Asp.Net\\Student-API\\UnitTests\\bin\\Debug\\net6.0\\fine-code-coverage\\coverage-tool-output</ResultsDirectory>\r\n    <TargetFrameworkVersion>.NETCoreApp,Version=v6.0</TargetFrameworkVersion>\r\n    <DesignMode>False</DesignMode>\r\n    <CollectSourceInformation>False</CollectSourceInformation>\r\n  </RunConfiguration>\r\n  <LoggerRunSettings>\r\n    <Loggers>\r\n      <Logger friendlyName=\"blame\" enabled=\"True\" />\r\n      <Logger friendlyName=\"Console\" uri=\"logger://microsoft/TestPlatform/ConsoleLogger/v1\" assemblyQualifiedName=\"Microsoft.VisualStudio.TestPlatform.CommandLine.Internal.ConsoleLogger, vstest.console, Version=15.0.0.0, Culture=neutral, PublicKeyToken=b03f5f7f11d50a3a\" codeBase=\"C:\\Program Files\\dotnet\\sdk\\6.0.301\\vstest.console.dll\" enabled=\"True\" />\r\n    </Loggers>\r\n  </LoggerRunSettings>\r\n  <DataCollectionRunSettings>\r\n    <DataCollectors>\r\n      <DataCollector friendlyName=\"blame\" enabled=\"True\">\r\n        <Configuration>\r\n          <ResultsDirectory>C:\\Users\\tej\\workArea\\Asp.Net\\Student-API\\UnitTests\\bin\\Debug\\net6.0\\fine-code-coverage\\coverage-tool-output</ResultsDirectory>\r\n        </Configuration>\r\n      </DataCollector>\r\n    </DataCollectors>\r\n  </DataCollectionRunSettings>\r\n</RunSettings>","TestExecutionContext":{"FrequencyOfRunStatsChangeEvent":10,"RunStatsChangeEventTimeout":"00:00:01.5000000","InIsolation":false,"KeepAlive":false,"AreTestCaseLevelEventsRequired":false,"IsDebug":false,"TestCaseFilter":null,"FilterOptions":null},"Package":null}}
TpTrace Verbose: 0 : 28348, 7, 2022/07/12, 21:51:49.371, 2861845285760, vstest.console.dll, TcpClientExtensions.MessageLoopAsync: NotifyDataAvailable remoteEndPoint: 127.0.0.1:52648 localEndPoint: 127.0.0.1:52647
TpTrace Verbose: 0 : 28348, 7, 2022/07/12, 21:51:49.371, 2861845288091, vstest.console.dll, TestRequestSender.OnExecutionMessageReceived: Received message: {"Version":5,"MessageType":"TestSession.Message","Payload":{"MessageLevel":0,"Message":"[xUnit.net 00:00:00.01] xUnit.net VSTest Adapter v2.4.3+1b45f5407b (64-bit .NET 6.0.6)"}}
TpTrace Verbose: 0 : 28348, 7, 2022/07/12, 21:51:49.372, 2861845293011, vstest.console.dll, TestRunRequest:SendTestRunMessage: Starting.
TpTrace Verbose: 0 : 28348, 7, 2022/07/12, 21:51:49.372, 2861845294496, vstest.console.dll, MulticastDelegateUtilities.SafeInvoke: TestRun.LogMessages: Invoking callback 1/1 for Microsoft.VisualStudio.TestPlatform.CommandLine.TestRunResultAggregator.TestRunMessageHandler, took 0 ms.
TpTrace Information: 0 : 28348, 7, 2022/07/12, 21:51:49.372, 2861845295517, vstest.console.dll, TestRunRequest:SendTestRunMessage: Completed.
TpTrace Verbose: 0 : 28348, 4, 2022/07/12, 21:51:49.372, 2861845294841, vstest.console.dll, MulticastDelegateUtilities.SafeInvoke: InternalTestLoggerEvents.SendTestRunMessage: Invoking callback 1/1 for Microsoft.VisualStudio.TestPlatform.CommandLine.Internal.ConsoleLogger.TestMessageHandler, took 0 ms.
TpTrace Verbose: 0 : 28348, 7, 2022/07/12, 21:51:49.372, 2861845296674, vstest.console.dll, MulticastDelegateUtilities.SafeInvoke: LengthPrefixCommunicationChannel: MessageReceived: Invoking callback 1/1 for Microsoft.VisualStudio.TestPlatform.CommunicationUtilities.TestRequestSender+<>c__DisplayClass30_0.<StartTestRun>b__1, took 0 ms.
TpTrace Verbose: 0 : 28348, 7, 2022/07/12, 21:51:49.372, 2861845299189, vstest.console.dll, TcpClientExtensions.MessageLoopAsync: Polling on remoteEndPoint: 127.0.0.1:52648 localEndPoint: 127.0.0.1:52647
TpTrace Verbose: 0 : 28348, 7, 2022/07/12, 21:51:50.374, 2861855322571, vstest.console.dll, TcpClientExtensions.MessageLoopAsync: Polling on remoteEndPoint: 127.0.0.1:52648 localEndPoint: 127.0.0.1:52647
TpTrace Verbose: 0 : 28348, 7, 2022/07/12, 21:51:51.229, 2861863865520, vstest.console.dll, TcpClientExtensions.MessageLoopAsync: NotifyDataAvailable remoteEndPoint: 127.0.0.1:52648 localEndPoint: 127.0.0.1:52647
TpTrace Verbose: 0 : 28348, 7, 2022/07/12, 21:51:51.229, 2861863867707, vstest.console.dll, TestRequestSender.OnExecutionMessageReceived: Received message: {"Version":5,"MessageType":"TestSession.Message","Payload":{"MessageLevel":0,"Message":"[xUnit.net 00:00:01.87]   Discovering: UnitTests"}}
TpTrace Verbose: 0 : 28348, 7, 2022/07/12, 21:51:51.229, 2861863872626, vstest.console.dll, TestRunRequest:SendTestRunMessage: Starting.
TpTrace Verbose: 0 : 28348, 7, 2022/07/12, 21:51:51.230, 2861863874058, vstest.console.dll, MulticastDelegateUtilities.SafeInvoke: TestRun.LogMessages: Invoking callback 1/1 for Microsoft.VisualStudio.TestPlatform.CommandLine.TestRunResultAggregator.TestRunMessageHandler, took 0 ms.
TpTrace Verbose: 0 : 28348, 4, 2022/07/12, 21:51:51.230, 2861863874453, vstest.console.dll, MulticastDelegateUtilities.SafeInvoke: InternalTestLoggerEvents.SendTestRunMessage: Invoking callback 1/1 for Microsoft.VisualStudio.TestPlatform.CommandLine.Internal.ConsoleLogger.TestMessageHandler, took 0 ms.
TpTrace Information: 0 : 28348, 7, 2022/07/12, 21:51:51.230, 2861863874942, vstest.console.dll, TestRunRequest:SendTestRunMessage: Completed.
TpTrace Verbose: 0 : 28348, 7, 2022/07/12, 21:51:51.230, 2861863877159, vstest.console.dll, MulticastDelegateUtilities.SafeInvoke: LengthPrefixCommunicationChannel: MessageReceived: Invoking callback 1/1 for Microsoft.VisualStudio.TestPlatform.CommunicationUtilities.TestRequestSender+<>c__DisplayClass30_0.<StartTestRun>b__1, took 0 ms.
TpTrace Verbose: 0 : 28348, 7, 2022/07/12, 21:51:51.230, 2861863878000, vstest.console.dll, TcpClientExtensions.MessageLoopAsync: Polling on remoteEndPoint: 127.0.0.1:52648 localEndPoint: 127.0.0.1:52647
TpTrace Verbose: 0 : 28348, 7, 2022/07/12, 21:51:51.319, 2861864763215, vstest.console.dll, TcpClientExtensions.MessageLoopAsync: NotifyDataAvailable remoteEndPoint: 127.0.0.1:52648 localEndPoint: 127.0.0.1:52647
TpTrace Verbose: 0 : 28348, 7, 2022/07/12, 21:51:51.319, 2861864764916, vstest.console.dll, TestRequestSender.OnExecutionMessageReceived: Received message: {"Version":5,"MessageType":"TestSession.Message","Payload":{"MessageLevel":0,"Message":"[xUnit.net 00:00:01.96]   Discovered:  UnitTests"}}
TpTrace Verbose: 0 : 28348, 7, 2022/07/12, 21:51:51.319, 2861864767167, vstest.console.dll, TestRunRequest:SendTestRunMessage: Starting.
TpTrace Verbose: 0 : 28348, 7, 2022/07/12, 21:51:51.319, 2861864768140, vstest.console.dll, MulticastDelegateUtilities.SafeInvoke: TestRun.LogMessages: Invoking callback 1/1 for Microsoft.VisualStudio.TestPlatform.CommandLine.TestRunResultAggregator.TestRunMessageHandler, took 0 ms.
TpTrace Information: 0 : 28348, 7, 2022/07/12, 21:51:51.319, 2861864768711, vstest.console.dll, TestRunRequest:SendTestRunMessage: Completed.
TpTrace Verbose: 0 : 28348, 4, 2022/07/12, 21:51:51.319, 2861864768548, vstest.console.dll, MulticastDelegateUtilities.SafeInvoke: InternalTestLoggerEvents.SendTestRunMessage: Invoking callback 1/1 for Microsoft.VisualStudio.TestPlatform.CommandLine.Internal.ConsoleLogger.TestMessageHandler, took 0 ms.
TpTrace Verbose: 0 : 28348, 7, 2022/07/12, 21:51:51.319, 2861864769333, vstest.console.dll, MulticastDelegateUtilities.SafeInvoke: LengthPrefixCommunicationChannel: MessageReceived: Invoking callback 1/1 for Microsoft.VisualStudio.TestPlatform.CommunicationUtilities.TestRequestSender+<>c__DisplayClass30_0.<StartTestRun>b__1, took 0 ms.
TpTrace Verbose: 0 : 28348, 7, 2022/07/12, 21:51:51.319, 2861864771796, vstest.console.dll, TcpClientExtensions.MessageLoopAsync: Polling on remoteEndPoint: 127.0.0.1:52648 localEndPoint: 127.0.0.1:52647
TpTrace Verbose: 0 : 28348, 7, 2022/07/12, 21:51:51.322, 2861864800428, vstest.console.dll, TcpClientExtensions.MessageLoopAsync: NotifyDataAvailable remoteEndPoint: 127.0.0.1:52648 localEndPoint: 127.0.0.1:52647
TpTrace Verbose: 0 : 28348, 7, 2022/07/12, 21:51:51.322, 2861864802038, vstest.console.dll, TestRequestSender.OnExecutionMessageReceived: Received message: {"Version":5,"MessageType":"TestSession.Message","Payload":{"MessageLevel":0,"Message":"[xUnit.net 00:00:01.97]   Starting:    UnitTests"}}
TpTrace Verbose: 0 : 28348, 7, 2022/07/12, 21:51:51.323, 2861864804520, vstest.console.dll, TestRunRequest:SendTestRunMessage: Starting.
TpTrace Verbose: 0 : 28348, 7, 2022/07/12, 21:51:51.323, 2861864805558, vstest.console.dll, MulticastDelegateUtilities.SafeInvoke: TestRun.LogMessages: Invoking callback 1/1 for Microsoft.VisualStudio.TestPlatform.CommandLine.TestRunResultAggregator.TestRunMessageHandler, took 0 ms.
TpTrace Verbose: 0 : 28348, 4, 2022/07/12, 21:51:51.323, 2861864806050, vstest.console.dll, MulticastDelegateUtilities.SafeInvoke: InternalTestLoggerEvents.SendTestRunMessage: Invoking callback 1/1 for Microsoft.VisualStudio.TestPlatform.CommandLine.Internal.ConsoleLogger.TestMessageHandler, took 0 ms.
TpTrace Information: 0 : 28348, 7, 2022/07/12, 21:51:51.323, 2861864806224, vstest.console.dll, TestRunRequest:SendTestRunMessage: Completed.
TpTrace Verbose: 0 : 28348, 7, 2022/07/12, 21:51:51.323, 2861864809402, vstest.console.dll, MulticastDelegateUtilities.SafeInvoke: LengthPrefixCommunicationChannel: MessageReceived: Invoking callback 1/1 for Microsoft.VisualStudio.TestPlatform.CommunicationUtilities.TestRequestSender+<>c__DisplayClass30_0.<StartTestRun>b__1, took 0 ms.
TpTrace Verbose: 0 : 28348, 7, 2022/07/12, 21:51:51.323, 2861864810036, vstest.console.dll, TcpClientExtensions.MessageLoopAsync: Polling on remoteEndPoint: 127.0.0.1:52648 localEndPoint: 127.0.0.1:52647
TpTrace Verbose: 0 : 28348, 7, 2022/07/12, 21:51:51.404, 2861865620123, vstest.console.dll, TcpClientExtensions.MessageLoopAsync: NotifyDataAvailable remoteEndPoint: 127.0.0.1:52648 localEndPoint: 127.0.0.1:52647
TpTrace Verbose: 0 : 28348, 7, 2022/07/12, 21:51:51.404, 2861865621949, vstest.console.dll, TestRequestSender.OnExecutionMessageReceived: Received message: {"Version":5,"MessageType":"TestExecution.StatsChange","Payload":{"NewTestResults":[],"TestRunStatistics":{"ExecutedTests":0,"Stats":{}},"ActiveTests":[{"Id":"3ff7c8b5-f8cc-e76e-8d53-10fc87256ac9","FullyQualifiedName":"UnitTests.Services.StudentServiceTest.ShouldReturnStudentsData","DisplayName":"UnitTests.Services.StudentServiceTest.ShouldReturnStudentsData","ExecutorUri":"executor://xunit/VsTestRunner2/netcoreapp","Source":"C:\\Users\\tej\\workArea\\Asp.Net\\Student-API\\UnitTests\\bin\\Debug\\net6.0\\fine-code-coverage\\build-output\\UnitTests.dll","CodeFilePath":null,"LineNumber":0,"Properties":[]}]}}
TpTrace Verbose: 0 : 28348, 7, 2022/07/12, 21:51:51.417, 2861865747790, vstest.console.dll, TestRunRequest:SendTestRunStatsChange: Starting.
TpTrace Verbose: 0 : 28348, 7, 2022/07/12, 21:51:51.417, 2861865749187, vstest.console.dll, InProgress is UnitTests.Services.StudentServiceTest.ShouldReturnStudentsData
TpTrace Verbose: 0 : 28348, 7, 2022/07/12, 21:51:51.417, 2861865750078, vstest.console.dll, MulticastDelegateUtilities.SafeInvoke: TestRun.RunStatsChanged: Invoking callbacks was skipped because there are no subscribers.
TpTrace Information: 0 : 28348, 7, 2022/07/12, 21:51:51.417, 2861865750486, vstest.console.dll, TestRunRequest:SendTestRunStatsChange: Completed.
TpTrace Verbose: 0 : 28348, 7, 2022/07/12, 21:51:51.417, 2861865750892, vstest.console.dll, MulticastDelegateUtilities.SafeInvoke: LengthPrefixCommunicationChannel: MessageReceived: Invoking callback 1/1 for Microsoft.VisualStudio.TestPlatform.CommunicationUtilities.TestRequestSender+<>c__DisplayClass30_0.<StartTestRun>b__1, took 12 ms.
TpTrace Verbose: 0 : 28348, 7, 2022/07/12, 21:51:51.417, 2861865751253, vstest.console.dll, TcpClientExtensions.MessageLoopAsync: Polling on remoteEndPoint: 127.0.0.1:52648 localEndPoint: 127.0.0.1:52647
TpTrace Verbose: 0 : 28348, 7, 2022/07/12, 21:51:51.499, 2861866563577, vstest.console.dll, TcpClientExtensions.MessageLoopAsync: NotifyDataAvailable remoteEndPoint: 127.0.0.1:52648 localEndPoint: 127.0.0.1:52647
TpTrace Verbose: 0 : 28348, 7, 2022/07/12, 21:51:51.499, 2861866564819, vstest.console.dll, TestRequestSender.OnExecutionMessageReceived: Received message: {"Version":5,"MessageType":"TestSession.Message","Payload":{"MessageLevel":0,"Message":"[xUnit.net 00:00:02.14]   Finished:    UnitTests"}}
TpTrace Verbose: 0 : 28348, 7, 2022/07/12, 21:51:51.499, 2861866566355, vstest.console.dll, TestRunRequest:SendTestRunMessage: Starting.
TpTrace Verbose: 0 : 28348, 7, 2022/07/12, 21:51:51.499, 2861866567240, vstest.console.dll, MulticastDelegateUtilities.SafeInvoke: TestRun.LogMessages: Invoking callback 1/1 for Microsoft.VisualStudio.TestPlatform.CommandLine.TestRunResultAggregator.TestRunMessageHandler, took 0 ms.
TpTrace Verbose: 0 : 28348, 4, 2022/07/12, 21:51:51.499, 2861866567588, vstest.console.dll, MulticastDelegateUtilities.SafeInvoke: InternalTestLoggerEvents.SendTestRunMessage: Invoking callback 1/1 for Microsoft.VisualStudio.TestPlatform.CommandLine.Internal.ConsoleLogger.TestMessageHandler, took 0 ms.
TpTrace Information: 0 : 28348, 7, 2022/07/12, 21:51:51.499, 2861866567657, vstest.console.dll, TestRunRequest:SendTestRunMessage: Completed.
TpTrace Verbose: 0 : 28348, 7, 2022/07/12, 21:51:51.499, 2861866569220, vstest.console.dll, MulticastDelegateUtilities.SafeInvoke: LengthPrefixCommunicationChannel: MessageReceived: Invoking callback 1/1 for Microsoft.VisualStudio.TestPlatform.CommunicationUtilities.TestRequestSender+<>c__DisplayClass30_0.<StartTestRun>b__1, took 0 ms.
TpTrace Verbose: 0 : 28348, 7, 2022/07/12, 21:51:51.499, 2861866569843, vstest.console.dll, TcpClientExtensions.MessageLoopAsync: Polling on remoteEndPoint: 127.0.0.1:52648 localEndPoint: 127.0.0.1:52647
TpTrace Verbose: 0 : 28348, 7, 2022/07/12, 21:51:51.531, 2861866889086, vstest.console.dll, TcpClientExtensions.MessageLoopAsync: NotifyDataAvailable remoteEndPoint: 127.0.0.1:52648 localEndPoint: 127.0.0.1:52647
TpTrace Verbose: 0 : 28348, 7, 2022/07/12, 21:51:51.531, 2861866891341, vstest.console.dll, TestRequestSender.OnExecutionMessageReceived: Received message: {"Version":5,"MessageType":"TestExecution.Completed","Payload":{"TestRunCompleteArgs":{"TestRunStatistics":{"ExecutedTests":4,"Stats":{"Passed":4}},"IsCanceled":false,"IsAborted":false,"Error":null,"AttachmentSets":[],"ElapsedTimeInRunningTests":"00:00:02.1648945","Metrics":{}},"LastRunTests":{"NewTestResults":[{"TestCase":{"Id":"226a8724-34b6-cfb7-de04-adfefd5343bd","FullyQualifiedName":"UnitTests.UnitTest1.Test1","DisplayName":"UnitTests.UnitTest1.Test1","ExecutorUri":"executor://xunit/VsTestRunner2/netcoreapp","Source":"C:\\Users\\tej\\workArea\\Asp.Net\\Student-API\\UnitTests\\bin\\Debug\\net6.0\\fine-code-coverage\\build-output\\UnitTests.dll","CodeFilePath":null,"LineNumber":0,"Properties":[]},"Attachments":[],"Outcome":1,"ErrorMessage":null,"ErrorStackTrace":null,"DisplayName":"UnitTests.UnitTest1.Test1","Messages":[],"ComputerName":"DESKTOP-K7LMFS6","Duration":"00:00:00.0033420","StartTime":"2022-07-12T16:21:51.434512+00:00","EndTime":"2022-07-12T16:21:51.4345396+00:00","Properties":[]},{"TestCase":{"Id":"1b692b31-9f87-def7-1297-6c34577c166f","FullyQualifiedName":"UnitTests.Controllers.StudentControllerTest.ShouldReturn404NotFoundWhenExceptionOccurred","DisplayName":"UnitTests.Controllers.StudentControllerTest.ShouldReturn404NotFoundWhenExceptionOccurred","ExecutorUri":"executor://xunit/VsTestRunner2/netcoreapp","Source":"C:\\Users\\tej\\workArea\\Asp.Net\\Student-API\\UnitTests\\bin\\Debug\\net6.0\\fine-code-coverage\\build-output\\UnitTests.dll","CodeFilePath":null,"LineNumber":0,"Properties":[]},"Attachments":[],"Outcome":1,"ErrorMessage":null,"ErrorStackTrace":null,"DisplayName":"UnitTests.Controllers.StudentControllerTest.ShouldReturn404NotFoundWhenExceptionOccurred","Messages":[],"ComputerName":"DESKTOP-K7LMFS6","Duration":"00:00:00.0967810","StartTime":"2022-07-12T16:21:51.4902134+00:00","EndTime":"2022-07-12T16:21:51.4902144+00:00","Properties":[]},{"TestCase":{"Id":"3ff7c8b5-f8cc-e76e-8d53-10fc87256ac9","FullyQualifiedName":"UnitTests.Services.StudentServiceTest.ShouldReturnStudentsData","DisplayName":"UnitTests.Services.StudentServiceTest.ShouldReturnStudentsData","ExecutorUri":"executor://xunit/VsTestRunner2/netcoreapp","Source":"C:\\Users\\tej\\workArea\\Asp.Net\\Student-API\\UnitTests\\bin\\Debug\\net6.0\\fine-code-coverage\\build-output\\UnitTests.dll","CodeFilePath":null,"LineNumber":0,"Properties":[]},"Attachments":[],"Outcome":1,"ErrorMessage":null,"ErrorStackTrace":null,"DisplayName":"UnitTests.Services.StudentServiceTest.ShouldReturnStudentsData","Messages":[],"ComputerName":"DESKTOP-K7LMFS6","Duration":"00:00:00.0967662","StartTime":"2022-07-12T16:21:51.4919577+00:00","EndTime":"2022-07-12T16:21:51.4919578+00:00","Properties":[]},{"TestCase":{"Id":"1574ec45-4bd7-d466-f0ae-234fd95d7779","FullyQualifiedName":"UnitTests.Controllers.StudentControllerTest.ShouldReturn200OnSuccess","DisplayName":"UnitTests.Controllers.StudentControllerTest.ShouldReturn200OnSuccess","ExecutorUri":"executor://xunit/VsTestRunner2/netcoreapp","Source":"C:\\Users\\tej\\workArea\\Asp.Net\\Student-API\\UnitTests\\bin\\Debug\\net6.0\\fine-code-coverage\\build-output\\UnitTests.dll","CodeFilePath":null,"LineNumber":0,"Properties":[]},"Attachments":[],"Outcome":1,"ErrorMessage":null,"ErrorStackTrace":null,"DisplayName":"UnitTests.Controllers.StudentControllerTest.ShouldReturn200OnSuccess","Messages":[],"ComputerName":"DESKTOP-K7LMFS6","Duration":"00:00:00.0015087","StartTime":"2022-07-12T16:21:51.4957944+00:00","EndTime":"2022-07-12T16:21:51.4957946+00:00","Properties":[]}],"TestRunStatistics":{"ExecutedTests":4,"Stats":{"Passed":4}},"ActiveTests":[]},"RunAttachments":[],"ExecutorUris":["executor://xunit/VsTestRunner2/netcoreapp"]}}
TpTrace Verbose: 0 : 28348, 7, 2022/07/12, 21:51:51.533, 2861866908435, vstest.console.dll, TestRequestSender.EndSession: Sending end session.
TpTrace Verbose: 0 : 28348, 7, 2022/07/12, 21:51:51.533, 2861866910170, vstest.console.dll, ProxyOperationManager.Close: waiting for test host to exit for 100 ms
TpTrace Warning: 0 : 28348, 13, 2022/07/12, 21:51:51.558, 2861867161362, vstest.console.dll, TestHostManagerCallbacks.ErrorReceivedCallback Test host standard error line: 
TpTrace Verbose: 0 : 28348, 13, 2022/07/12, 21:51:51.583, 2861867411417, vstest.console.dll, TestHostProvider.ExitCallBack: Host exited starting callback.
TpTrace Information: 0 : 28348, 13, 2022/07/12, 21:51:51.584, 2861867417284, vstest.console.dll, TestHostManagerCallbacks.ExitCallBack: Testhost processId: 6092 exited with exitcode: 0 error: ''
TpTrace Verbose: 0 : 28348, 13, 2022/07/12, 21:51:51.584, 2861867418171, vstest.console.dll, DotnetTestHostManager.OnHostExited: invoking OnHostExited callback
TpTrace Verbose: 0 : 28348, 13, 2022/07/12, 21:51:51.584, 2861867419041, vstest.console.dll, CrossPlatEngine.TestHostManagerHostExited: calling on client process exit callback.
TpTrace Information: 0 : 28348, 13, 2022/07/12, 21:51:51.584, 2861867419704, vstest.console.dll, TestRequestSender.OnClientProcessExit: Test host process exited. Standard error: 
TpTrace Information: 0 : 28348, 13, 2022/07/12, 21:51:51.584, 2861867420198, vstest.console.dll, SocketServer.Stop: Stop server endPoint: 127.0.0.1:52647
TpTrace Information: 0 : 28348, 13, 2022/07/12, 21:51:51.584, 2861867420579, vstest.console.dll, SocketServer.Stop: Cancellation requested. Stopping message loop.
TpTrace Information: 0 : 28348, 7, 2022/07/12, 21:51:51.584, 2861867420402, vstest.console.dll, SocketServer.Stop: Stop server endPoint: 127.0.0.1:52647
TpTrace Information: 0 : 28348, 7, 2022/07/12, 21:51:51.584, 2861867422187, vstest.console.dll, SocketServer.Stop: Cancellation requested. Stopping message loop.
TpTrace Information: 0 : 28348, 7, 2022/07/12, 21:51:51.584, 2861867422798, vstest.console.dll, Closing the connection
TpTrace Verbose: 0 : 28348, 13, 2022/07/12, 21:51:51.584, 2861867422147, vstest.console.dll, MulticastDelegateUtilities.SafeInvoke: HostProviderEvents.OnHostExited: Invoking callback 1/1 for Microsoft.VisualStudio.TestPlatform.CrossPlatEngine.Client.ProxyOperationManager.TestHostManagerHostExited, took 0 ms.
TpTrace Verbose: 0 : 28348, 7, 2022/07/12, 21:51:51.585, 2861867427882, vstest.console.dll, ProxyDataCollectionManager.InvokeDataCollectionServiceAction: Starting.
TpTrace Information: 0 : 28348, 7, 2022/07/12, 21:51:51.585, 2861867428621, vstest.console.dll, ProxyDataCollectionManager.AfterTestRunEnd: Get attachment set and invoked data collectors processId: 19760 port: 52644
TpTrace Verbose: 0 : 28348, 7, 2022/07/12, 21:51:51.585, 2861867429293, vstest.console.dll, DataCollectionRequestSender.SendAfterTestRunStartAndGetResult: Send AfterTestRunEnd message with isCancelled: False
TpTrace Verbose: 0 : 28348, 7, 2022/07/12, 21:51:51.596, 2861867538108, vstest.console.dll, DataCollectionRequestSender.SendAfterTestRunStartAndGetResult: Received message: (DataCollection.AfterTestRunEndResult) -> {
  "AttachmentSets": [],
  "InvokedDataCollectors": [
    {
      "Uri": "datacollector://Microsoft/TestPlatform/Extensions/Blame/v1",
      "FriendlyName": "Blame",
      "AssemblyQualifiedName": "Microsoft.TestPlatform.Extensions.BlameDataCollector.BlameCollector, Microsoft.TestPlatform.Extensions.BlameDataCollector, Version=15.0.0.0, Culture=neutral, PublicKeyToken=b03f5f7f11d50a3a",
      "FilePath": "C:\\Program Files\\dotnet\\sdk\\6.0.301\\Extensions\\Microsoft.TestPlatform.Extensions.BlameDataCollector.dll",
      "HasAttachmentProcessor": false
    }
  ],
  "Metrics": {}
}
TpTrace Warning: 0 : 28348, 10, 2022/07/12, 21:51:51.602, 2861867600186, vstest.console.dll, DataCollectionLauncher.ErrorReceivedCallback datacollector standard error line: 
TpTrace Information: 0 : 28348, 7, 2022/07/12, 21:51:51.606, 2861867638791, vstest.console.dll, ProxyDataCollectionManager.InvokeDataCollectionServiceAction: Completed.
TpTrace Information: 0 : 28348, 10, 2022/07/12, 21:51:51.610, 2861867674235, vstest.console.dll, DataCollectionLauncher.ExitCallBack: Data collector exited with exitcode: 0 error: ''
TpTrace Verbose: 0 : 28348, 7, 2022/07/12, 21:51:51.659, 2861868165605, vstest.console.dll, TestRunRequest:SendTestRunStatsChange: Starting.
TpTrace Verbose: 0 : 28348, 7, 2022/07/12, 21:51:51.659, 2861868168251, vstest.console.dll, MulticastDelegateUtilities.SafeInvoke: TestRun.RunStatsChanged: Invoking callbacks was skipped because there are no subscribers.
TpTrace Information: 0 : 28348, 7, 2022/07/12, 21:51:51.659, 2861868168819, vstest.console.dll, TestRunRequest:SendTestRunStatsChange: Completed.
TpTrace Verbose: 0 : 28348, 7, 2022/07/12, 21:51:51.659, 2861868171814, vstest.console.dll, ParallelProxyExecutionManager: HandlePartialRunComplete: Total completed clients = 1, Run complete = True, Run canceled: False.
TpTrace Verbose: 0 : 28348, 4, 2022/07/12, 21:51:51.662, 2861868195497, vstest.console.dll, MulticastDelegateUtilities.SafeInvoke: InternalTestLoggerEvents.SendTestResult: Invoking callback 1/1 for Microsoft.VisualStudio.TestPlatform.CommandLine.Internal.ConsoleLogger.TestResultHandler, took 2 ms.
TpTrace Verbose: 0 : 28348, 4, 2022/07/12, 21:51:51.662, 2861868196867, vstest.console.dll, MulticastDelegateUtilities.SafeInvoke: InternalTestLoggerEvents.SendTestResult: Invoking callback 1/1 for Microsoft.VisualStudio.TestPlatform.CommandLine.Internal.ConsoleLogger.TestResultHandler, took 0 ms.
TpTrace Verbose: 0 : 28348, 4, 2022/07/12, 21:51:51.662, 2861868197571, vstest.console.dll, MulticastDelegateUtilities.SafeInvoke: InternalTestLoggerEvents.SendTestResult: Invoking callback 1/1 for Microsoft.VisualStudio.TestPlatform.CommandLine.Internal.ConsoleLogger.TestResultHandler, took 0 ms.
TpTrace Verbose: 0 : 28348, 4, 2022/07/12, 21:51:51.662, 2861868198104, vstest.console.dll, MulticastDelegateUtilities.SafeInvoke: InternalTestLoggerEvents.SendTestResult: Invoking callback 1/1 for Microsoft.VisualStudio.TestPlatform.CommandLine.Internal.ConsoleLogger.TestResultHandler, took 0 ms.
TpTrace Verbose: 0 : 28348, 4, 2022/07/12, 21:51:51.670, 2861868277098, vstest.console.dll, MulticastDelegateUtilities.SafeInvoke: InternalTestLoggerEvents.SendTestRunComplete: Invoking callback 1/2 for Microsoft.TestPlatform.Extensions.BlameDataCollector.BlameLogger.TestRunCompleteHandler, took 0 ms.
TpTrace Verbose: 0 : 28348, 4, 2022/07/12, 21:51:51.676, 2861868341617, vstest.console.dll, MulticastDelegateUtilities.SafeInvoke: InternalTestLoggerEvents.SendTestRunComplete: Invoking callback 2/2 for Microsoft.VisualStudio.TestPlatform.CommandLine.Internal.ConsoleLogger.TestRunCompleteHandler, took 6 ms.
TpTrace Verbose: 0 : 28348, 7, 2022/07/12, 21:51:51.677, 2861868344742, vstest.console.dll, TestRunRequest:TestRunComplete: Starting. IsAborted:False IsCanceled:False.
TpTrace Verbose: 0 : 28348, 7, 2022/07/12, 21:51:51.677, 2861868351767, vstest.console.dll, TestLoggerManager.HandleTestRunComplete: Ignoring as the object is disposed.
TpTrace Verbose: 0 : 28348, 7, 2022/07/12, 21:51:51.678, 2861868353856, vstest.console.dll, MulticastDelegateUtilities.SafeInvoke: TestRun.TestRunComplete: Invoking callback 1/2 for Microsoft.VisualStudio.TestPlatform.CommandLine.TestRunResultAggregator.TestRunCompletionHandler, took 0 ms.
TpTrace Verbose: 0 : 28348, 7, 2022/07/12, 21:51:51.678, 2861868354997, vstest.console.dll, MulticastDelegateUtilities.SafeInvoke: TestRun.TestRunComplete: Invoking callback 2/2 for Microsoft.VisualStudio.TestPlatform.CommandLine.Processors.RunTestsArgumentExecutor+TestRunRequestEventsRegistrar.TestRunRequest_OnRunCompletion, took 0 ms.
TpTrace Information: 0 : 28348, 7, 2022/07/12, 21:51:51.678, 2861868356091, vstest.console.dll, TestRunRequest:TestRunComplete: Completed.
TpTrace Verbose: 0 : 28348, 1, 2022/07/12, 21:51:51.678, 2861868356416, vstest.console.dll, TestRunRequest.Dispose: Starting.
TpTrace Information: 0 : 28348, 1, 2022/07/12, 21:51:51.678, 2861868357353, vstest.console.dll, TestRunRequest.Dispose: Completed.
TpTrace Information: 0 : 28348, 1, 2022/07/12, 21:51:51.678, 2861868357955, vstest.console.dll, TestRequestManager.RunTests: run tests completed.
TpTrace Verbose: 0 : 28348, 7, 2022/07/12, 21:51:51.678, 2861868356587, vstest.console.dll, TestRequestSender.SetOperationComplete: Setting operation complete.
TpTrace Information: 0 : 28348, 7, 2022/07/12, 21:51:51.678, 2861868359091, vstest.console.dll, SocketServer.Stop: Stop server endPoint: 127.0.0.1:52647
TpTrace Information: 0 : 28348, 7, 2022/07/12, 21:51:51.678, 2861868359619, vstest.console.dll, SocketServer.Stop: Cancellation requested. Stopping message loop.
TpTrace Information: 0 : 28348, 1, 2022/07/12, 21:51:51.678, 2861868358839, vstest.console.dll, RunTestsArgumentProcessor:Execute: Test run is completed.
TpTrace Verbose: 0 : 28348, 7, 2022/07/12, 21:51:51.678, 2861868360104, vstest.console.dll, MulticastDelegateUtilities.SafeInvoke: LengthPrefixCommunicationChannel: MessageReceived: Invoking callback 1/1 for Microsoft.VisualStudio.TestPlatform.CommunicationUtilities.TestRequestSender+<>c__DisplayClass30_0.<StartTestRun>b__1, took 146 ms.
TpTrace Information: 0 : 28348, 7, 2022/07/12, 21:51:51.678, 2861868361634, vstest.console.dll, SocketServer.PrivateStop: Stopping server endPoint: 127.0.0.1:52647 error: 
TpTrace Verbose: 0 : 28348, 1, 2022/07/12, 21:51:51.678, 2861868362015, vstest.console.dll, Executor.Execute: Exiting with exit code of 0
TpTrace Verbose: 0 : 28348, 7, 2022/07/12, 21:51:51.679, 2861868365969, vstest.console.dll, LengthPrefixCommunicationChannel.Dispose: Dispose reader and writer.
TpTrace Information: 0 : 28348, 7, 2022/07/12, 21:51:51.679, 2861868366786, vstest.console.dll, SocketServer.Stop: Raise disconnected event endPoint: 127.0.0.1:52647 error: 
